<?xml version="1.0" encoding="UTF-8"?>
<robot generator="Robot 3.1.2 (Python 3.7.3 on win32)" generated="20191107 17:25:45.105" rpa="false">
<suite id="s1" name="Azul" source="C:\Users\RicardodeOliveiraAma\Documents\git_repo\desafio\desafio-test-scenario\testsuite\azul.robot">
<kw name="Run Keywords" library="BuiltIn" type="setup">
<doc>Executes all the given keywords in a sequence.</doc>
<arguments>
<arg>Set Keyword Timeout</arg>
<arg>120s</arg>
</arguments>
<kw name="Set Keyword Timeout">
<msg timestamp="20191107 17:25:45.150" level="FAIL">No keyword with name 'Set Keyword Timeout' found.</msg>
<status status="FAIL" starttime="20191107 17:25:45.150" endtime="20191107 17:25:45.150"></status>
</kw>
<status status="FAIL" starttime="20191107 17:25:45.147" endtime="20191107 17:25:45.151"></status>
</kw>
<test id="s1-t1" name="1) Scenario: Checar comportamento apos clicar no botão &quot;ida e volta&quot;">
<status status="FAIL" starttime="20191107 17:25:45.151" endtime="20191107 17:25:45.152" critical="yes">Parent suite setup failed:
No keyword with name 'Set Keyword Timeout' found.</status>
</test>
<kw name="Close All Browsers" type="teardown">
<msg timestamp="20191107 17:25:45.157" level="FAIL">No keyword with name 'Close All Browsers' found.</msg>
<status status="FAIL" starttime="20191107 17:25:45.156" endtime="20191107 17:25:45.157">No keyword with name 'Close All Browsers' found.</status>
</kw>
<doc>Feature: Validar funcionalidades de busca e seleção de voos.</doc>
<status status="FAIL" starttime="20191107 17:25:45.108" endtime="20191107 17:25:45.157">Suite setup failed:
No keyword with name 'Set Keyword Timeout' found.

Also suite teardown failed:
No keyword with name 'Close All Browsers' found.</status>
</suite>
<statistics>
<total>
<stat pass="0" fail="1">Critical Tests</stat>
<stat pass="0" fail="1">All Tests</stat>
</total>
<tag>
</tag>
<suite>
<stat pass="0" fail="1" id="s1" name="Azul">Azul</stat>
</suite>
</statistics>
<errors>
</errors>
</robot>
