<?xml version="1.0" encoding="UTF-8"?>
<robot generator="Robot 3.1.2 (Python 3.7.3 on win32)" generated="20191109 18:23:26.012" rpa="false">
<suite id="s1" name="Azul" source="C:\Users\RicardodeOliveiraAma\Documents\git_repo\desafio\desafio-test-scenario\testsuite\azul.robot">
<kw name="Set Keyword Timeout" library="keywords" type="setup">
<arguments>
<arg>120s</arg>
</arguments>
<kw name="Set Global Variable" library="BuiltIn">
<doc>Makes a variable available globally in all tests and suites.</doc>
<arguments>
<arg>${TIMEOUT}</arg>
<arg>${time}</arg>
</arguments>
<msg timestamp="20191109 18:23:26.814" level="INFO">${TIMEOUT} = 120s</msg>
<status status="PASS" starttime="20191109 18:23:26.812" endtime="20191109 18:23:26.814"></status>
</kw>
<status status="PASS" starttime="20191109 18:23:26.812" endtime="20191109 18:23:26.814"></status>
</kw>
<test id="s1-t1" name="1) Scenario: Checar comportamento apos clicar no botão &quot;ida e volta&quot;">
<kw name="Given I navigate to https://www.voeazul.com.br/home" library="keywords">
<kw name="Open Browser" library="Selenium2Library">
<doc>Opens a new browser instance to the given ``url``.</doc>
<arguments>
<arg>${URL}</arg>
<arg>chrome</arg>
</arguments>
<msg timestamp="20191109 18:23:26.821" level="INFO">Opening browser 'chrome' to base url 'https://www.voeazul.com.br/home'.</msg>
<status status="PASS" starttime="20191109 18:23:26.821" endtime="20191109 18:23:40.577"></status>
</kw>
<kw name="Maximize Browser Window" library="Selenium2Library">
<doc>Maximizes current browser window.</doc>
<status status="PASS" starttime="20191109 18:23:40.577" endtime="20191109 18:23:45.264"></status>
</kw>
<status status="PASS" starttime="20191109 18:23:26.821" endtime="20191109 18:23:45.265"></status>
</kw>
<kw name="When I click on ${IDA_E_VOLTA} button" library="keywords">
<kw name="Wait For Condition" library="Selenium2Library">
<doc>Waits until ``condition`` is true or ``timeout`` expires.</doc>
<arguments>
<arg>return document.readyState=="complete"</arg>
<arg>${TIMEOUT}</arg>
</arguments>
<status status="PASS" starttime="20191109 18:23:45.271" endtime="20191109 18:23:45.820"></status>
</kw>
<kw name="Wait Until Element Is Visible" library="Selenium2Library">
<doc>Waits until element ``locator`` is visible.</doc>
<arguments>
<arg>${ELEMENT}</arg>
<arg>${TIMEOUT}</arg>
</arguments>
<status status="PASS" starttime="20191109 18:23:45.820" endtime="20191109 18:23:45.894"></status>
</kw>
<kw name="Wait Until Element Is Enabled" library="Selenium2Library">
<doc>Waits until element ``locator`` is enabled.</doc>
<arguments>
<arg>${ELEMENT}</arg>
<arg>${TIMEOUT}</arg>
</arguments>
<status status="PASS" starttime="20191109 18:23:45.894" endtime="20191109 18:23:45.936"></status>
</kw>
<kw name="Wait Until Keyword Succeeds" library="BuiltIn">
<doc>Runs the specified keyword and retries if it fails.</doc>
<arguments>
<arg>2x</arg>
<arg>5s</arg>
<arg>Set Focus To Element</arg>
<arg>${ELEMENT}</arg>
</arguments>
<kw name="Set Focus To Element" library="Selenium2Library">
<doc>Sets focus to element identified by ``locator``.</doc>
<arguments>
<arg>${ELEMENT}</arg>
</arguments>
<status status="PASS" starttime="20191109 18:23:45.937" endtime="20191109 18:23:46.000"></status>
</kw>
<status status="PASS" starttime="20191109 18:23:45.936" endtime="20191109 18:23:46.000"></status>
</kw>
<kw name="Wait Until Keyword Succeeds" library="BuiltIn">
<doc>Runs the specified keyword and retries if it fails.</doc>
<arguments>
<arg>2x</arg>
<arg>5s</arg>
<arg>Click Element</arg>
<arg>${ELEMENT}</arg>
</arguments>
<kw name="Click Element" library="Selenium2Library">
<doc>Click element identified by ``locator``.</doc>
<arguments>
<arg>${ELEMENT}</arg>
</arguments>
<msg timestamp="20191109 18:23:46.001" level="INFO">Clicking element '//label[contains(text(), "ida e volta")]'.</msg>
<status status="PASS" starttime="20191109 18:23:46.001" endtime="20191109 18:23:46.329"></status>
</kw>
<status status="PASS" starttime="20191109 18:23:46.000" endtime="20191109 18:23:46.329"></status>
</kw>
<kw name="Sleep" library="BuiltIn">
<doc>Pauses the test executed for the given time.</doc>
<arguments>
<arg>2s</arg>
</arguments>
<msg timestamp="20191109 18:23:48.335" level="INFO">Slept 2 seconds</msg>
<status status="PASS" starttime="20191109 18:23:46.329" endtime="20191109 18:23:48.335"></status>
</kw>
<status status="PASS" starttime="20191109 18:23:45.270" endtime="20191109 18:23:48.336"></status>
</kw>
<kw name="Then I should see text Data de retorno" library="keywords">
<kw name="Wait Until Keyword Succeeds" library="BuiltIn">
<doc>Runs the specified keyword and retries if it fails.</doc>
<arguments>
<arg>2x</arg>
<arg>5s</arg>
<arg>Page should contain</arg>
<arg>${text}</arg>
</arguments>
<kw name="Page Should Contain" library="Selenium2Library">
<doc>Verifies that current page contains ``text``.</doc>
<arguments>
<arg>${text}</arg>
</arguments>
<msg timestamp="20191109 18:23:48.400" level="INFO">Current page contains text 'Data de retorno'.</msg>
<status status="PASS" starttime="20191109 18:23:48.341" endtime="20191109 18:23:48.401"></status>
</kw>
<status status="PASS" starttime="20191109 18:23:48.340" endtime="20191109 18:23:48.401"></status>
</kw>
<status status="PASS" starttime="20191109 18:23:48.339" endtime="20191109 18:23:48.401"></status>
</kw>
<kw name="And I take sceenshot" library="keywords">
<kw name="Capture Page Screenshot" library="Selenium2Library">
<doc>Takes screenshot of the current page and embeds it into log file.</doc>
<msg timestamp="20191109 18:23:49.374" level="INFO" html="yes">&lt;/td&gt;&lt;/tr&gt;&lt;tr&gt;&lt;td colspan="3"&gt;&lt;a href="selenium-screenshot-1.png"&gt;&lt;img src="selenium-screenshot-1.png" width="800px"&gt;&lt;/a&gt;</msg>
<status status="PASS" starttime="20191109 18:23:48.403" endtime="20191109 18:23:49.374"></status>
</kw>
<status status="PASS" starttime="20191109 18:23:48.403" endtime="20191109 18:23:49.375"></status>
</kw>
<kw name="Close All Browsers" library="Selenium2Library" type="teardown">
<doc>Closes all open browsers and resets the browser cache.</doc>
<status status="PASS" starttime="20191109 18:23:49.377" endtime="20191109 18:23:51.716"></status>
</kw>
<tags>
<tag>scenario1</tag>
</tags>
<status status="PASS" starttime="20191109 18:23:26.815" endtime="20191109 18:23:51.717" critical="yes"></status>
</test>
<test id="s1-t2" name="2) Scenario: Checar comportamento apos clicar no botão &quot;somente ida ou volta&quot;">
<kw name="Given I navigate to https://www.voeazul.com.br/home" library="keywords">
<kw name="Open Browser" library="Selenium2Library">
<doc>Opens a new browser instance to the given ``url``.</doc>
<arguments>
<arg>${URL}</arg>
<arg>chrome</arg>
</arguments>
<msg timestamp="20191109 18:23:51.739" level="INFO">Opening browser 'chrome' to base url 'https://www.voeazul.com.br/home'.</msg>
<status status="PASS" starttime="20191109 18:23:51.739" endtime="20191109 18:24:11.586"></status>
</kw>
<kw name="Maximize Browser Window" library="Selenium2Library">
<doc>Maximizes current browser window.</doc>
<status status="PASS" starttime="20191109 18:24:11.586" endtime="20191109 18:24:17.080"></status>
</kw>
<status status="PASS" starttime="20191109 18:23:51.737" endtime="20191109 18:24:17.080"></status>
</kw>
<kw name="When I click on ${SOMENTE_IDA_OU_VOLTA} button" library="keywords">
<kw name="Wait For Condition" library="Selenium2Library">
<doc>Waits until ``condition`` is true or ``timeout`` expires.</doc>
<arguments>
<arg>return document.readyState=="complete"</arg>
<arg>${TIMEOUT}</arg>
</arguments>
<status status="PASS" starttime="20191109 18:24:17.089" endtime="20191109 18:24:17.432"></status>
</kw>
<kw name="Wait Until Element Is Visible" library="Selenium2Library">
<doc>Waits until element ``locator`` is visible.</doc>
<arguments>
<arg>${ELEMENT}</arg>
<arg>${TIMEOUT}</arg>
</arguments>
<status status="PASS" starttime="20191109 18:24:17.432" endtime="20191109 18:24:18.122"></status>
</kw>
<kw name="Wait Until Element Is Enabled" library="Selenium2Library">
<doc>Waits until element ``locator`` is enabled.</doc>
<arguments>
<arg>${ELEMENT}</arg>
<arg>${TIMEOUT}</arg>
</arguments>
<status status="PASS" starttime="20191109 18:24:18.123" endtime="20191109 18:24:18.293"></status>
</kw>
<kw name="Wait Until Keyword Succeeds" library="BuiltIn">
<doc>Runs the specified keyword and retries if it fails.</doc>
<arguments>
<arg>2x</arg>
<arg>5s</arg>
<arg>Set Focus To Element</arg>
<arg>${ELEMENT}</arg>
</arguments>
<kw name="Set Focus To Element" library="Selenium2Library">
<doc>Sets focus to element identified by ``locator``.</doc>
<arguments>
<arg>${ELEMENT}</arg>
</arguments>
<status status="PASS" starttime="20191109 18:24:18.294" endtime="20191109 18:24:18.388"></status>
</kw>
<status status="PASS" starttime="20191109 18:24:18.294" endtime="20191109 18:24:18.388"></status>
</kw>
<kw name="Wait Until Keyword Succeeds" library="BuiltIn">
<doc>Runs the specified keyword and retries if it fails.</doc>
<arguments>
<arg>2x</arg>
<arg>5s</arg>
<arg>Click Element</arg>
<arg>${ELEMENT}</arg>
</arguments>
<kw name="Click Element" library="Selenium2Library">
<doc>Click element identified by ``locator``.</doc>
<arguments>
<arg>${ELEMENT}</arg>
</arguments>
<msg timestamp="20191109 18:24:18.392" level="INFO">Clicking element '//label[contains(text(), "somente ida ou volta")]'.</msg>
<status status="PASS" starttime="20191109 18:24:18.388" endtime="20191109 18:24:18.802"></status>
</kw>
<status status="PASS" starttime="20191109 18:24:18.388" endtime="20191109 18:24:18.802"></status>
</kw>
<kw name="Sleep" library="BuiltIn">
<doc>Pauses the test executed for the given time.</doc>
<arguments>
<arg>2s</arg>
</arguments>
<msg timestamp="20191109 18:24:20.802" level="INFO">Slept 2 seconds</msg>
<status status="PASS" starttime="20191109 18:24:18.802" endtime="20191109 18:24:20.802"></status>
</kw>
<status status="PASS" starttime="20191109 18:24:17.087" endtime="20191109 18:24:20.803"></status>
</kw>
<kw name="Then I should NOT see text Data de retorno" library="keywords">
<kw name="Run Keyword" library="BuiltIn">
<doc>Executes the given keyword with the given arguments.</doc>
<arguments>
<arg>Wait Until Element Is Not Visible</arg>
<arg>${text}</arg>
</arguments>
<kw name="Wait Until Element Is Not Visible" library="Selenium2Library">
<doc>Waits until element ``locator`` is not visible.</doc>
<arguments>
<arg>${text}</arg>
</arguments>
<status status="PASS" starttime="20191109 18:24:20.803" endtime="20191109 18:24:20.844"></status>
</kw>
<status status="PASS" starttime="20191109 18:24:20.803" endtime="20191109 18:24:20.844"></status>
</kw>
<status status="PASS" starttime="20191109 18:24:20.803" endtime="20191109 18:24:20.844"></status>
</kw>
<kw name="And I take sceenshot" library="keywords">
<kw name="Capture Page Screenshot" library="Selenium2Library">
<doc>Takes screenshot of the current page and embeds it into log file.</doc>
<msg timestamp="20191109 18:24:21.982" level="INFO" html="yes">&lt;/td&gt;&lt;/tr&gt;&lt;tr&gt;&lt;td colspan="3"&gt;&lt;a href="selenium-screenshot-2.png"&gt;&lt;img src="selenium-screenshot-2.png" width="800px"&gt;&lt;/a&gt;</msg>
<status status="PASS" starttime="20191109 18:24:20.854" endtime="20191109 18:24:21.983"></status>
</kw>
<status status="PASS" starttime="20191109 18:24:20.853" endtime="20191109 18:24:21.984"></status>
</kw>
<kw name="Close All Browsers" library="Selenium2Library" type="teardown">
<doc>Closes all open browsers and resets the browser cache.</doc>
<status status="PASS" starttime="20191109 18:24:21.992" endtime="20191109 18:24:24.690"></status>
</kw>
<tags>
<tag>scenario2</tag>
</tags>
<status status="PASS" starttime="20191109 18:23:51.733" endtime="20191109 18:24:24.692" critical="yes"></status>
</test>
<test id="s1-t3" name="3) Scenario: Checar comportamento apos clicar no botão &quot;somente ida ou volta&quot;">
<kw name="Given I navigate to https://www.voeazul.com.br/home" library="keywords">
<kw name="Open Browser" library="Selenium2Library">
<doc>Opens a new browser instance to the given ``url``.</doc>
<arguments>
<arg>${URL}</arg>
<arg>chrome</arg>
</arguments>
<msg timestamp="20191109 18:24:24.735" level="INFO">Opening browser 'chrome' to base url 'https://www.voeazul.com.br/home'.</msg>
<status status="PASS" starttime="20191109 18:24:24.733" endtime="20191109 18:24:38.977"></status>
</kw>
<kw name="Maximize Browser Window" library="Selenium2Library">
<doc>Maximizes current browser window.</doc>
<status status="PASS" starttime="20191109 18:24:38.978" endtime="20191109 18:24:43.828"></status>
</kw>
<status status="PASS" starttime="20191109 18:24:24.731" endtime="20191109 18:24:43.828"></status>
</kw>
<kw name="When I click on ${MULTITRECHOS} button" library="keywords">
<kw name="Wait For Condition" library="Selenium2Library">
<doc>Waits until ``condition`` is true or ``timeout`` expires.</doc>
<arguments>
<arg>return document.readyState=="complete"</arg>
<arg>${TIMEOUT}</arg>
</arguments>
<status status="PASS" starttime="20191109 18:24:43.833" endtime="20191109 18:24:44.134"></status>
</kw>
<kw name="Wait Until Element Is Visible" library="Selenium2Library">
<doc>Waits until element ``locator`` is visible.</doc>
<arguments>
<arg>${ELEMENT}</arg>
<arg>${TIMEOUT}</arg>
</arguments>
<status status="PASS" starttime="20191109 18:24:44.135" endtime="20191109 18:24:44.232"></status>
</kw>
<kw name="Wait Until Element Is Enabled" library="Selenium2Library">
<doc>Waits until element ``locator`` is enabled.</doc>
<arguments>
<arg>${ELEMENT}</arg>
<arg>${TIMEOUT}</arg>
</arguments>
<status status="PASS" starttime="20191109 18:24:44.232" endtime="20191109 18:24:44.618"></status>
</kw>
<kw name="Wait Until Keyword Succeeds" library="BuiltIn">
<doc>Runs the specified keyword and retries if it fails.</doc>
<arguments>
<arg>2x</arg>
<arg>5s</arg>
<arg>Set Focus To Element</arg>
<arg>${ELEMENT}</arg>
</arguments>
<kw name="Set Focus To Element" library="Selenium2Library">
<doc>Sets focus to element identified by ``locator``.</doc>
<arguments>
<arg>${ELEMENT}</arg>
</arguments>
<status status="PASS" starttime="20191109 18:24:44.619" endtime="20191109 18:24:44.675"></status>
</kw>
<status status="PASS" starttime="20191109 18:24:44.619" endtime="20191109 18:24:44.675"></status>
</kw>
<kw name="Wait Until Keyword Succeeds" library="BuiltIn">
<doc>Runs the specified keyword and retries if it fails.</doc>
<arguments>
<arg>2x</arg>
<arg>5s</arg>
<arg>Click Element</arg>
<arg>${ELEMENT}</arg>
</arguments>
<kw name="Click Element" library="Selenium2Library">
<doc>Click element identified by ``locator``.</doc>
<arguments>
<arg>${ELEMENT}</arg>
</arguments>
<msg timestamp="20191109 18:24:44.676" level="INFO">Clicking element '//label[contains(text(), "multitrechos")]'.</msg>
<status status="PASS" starttime="20191109 18:24:44.676" endtime="20191109 18:24:44.992"></status>
</kw>
<status status="PASS" starttime="20191109 18:24:44.675" endtime="20191109 18:24:44.993"></status>
</kw>
<kw name="Sleep" library="BuiltIn">
<doc>Pauses the test executed for the given time.</doc>
<arguments>
<arg>2s</arg>
</arguments>
<msg timestamp="20191109 18:24:46.998" level="INFO">Slept 2 seconds</msg>
<status status="PASS" starttime="20191109 18:24:44.993" endtime="20191109 18:24:46.998"></status>
</kw>
<status status="PASS" starttime="20191109 18:24:43.832" endtime="20191109 18:24:46.998"></status>
</kw>
<kw name="Then I should see text Primeiro Trecho" library="keywords">
<kw name="Wait Until Keyword Succeeds" library="BuiltIn">
<doc>Runs the specified keyword and retries if it fails.</doc>
<arguments>
<arg>2x</arg>
<arg>5s</arg>
<arg>Page should contain</arg>
<arg>${text}</arg>
</arguments>
<kw name="Page Should Contain" library="Selenium2Library">
<doc>Verifies that current page contains ``text``.</doc>
<arguments>
<arg>${text}</arg>
</arguments>
<msg timestamp="20191109 18:24:47.094" level="INFO">Current page contains text 'Primeiro Trecho'.</msg>
<status status="PASS" starttime="20191109 18:24:47.006" endtime="20191109 18:24:47.094"></status>
</kw>
<status status="PASS" starttime="20191109 18:24:47.004" endtime="20191109 18:24:47.094"></status>
</kw>
<status status="PASS" starttime="20191109 18:24:47.001" endtime="20191109 18:24:47.095"></status>
</kw>
<kw name="And I should see text Segundo Trecho" library="keywords">
<kw name="Wait Until Keyword Succeeds" library="BuiltIn">
<doc>Runs the specified keyword and retries if it fails.</doc>
<arguments>
<arg>2x</arg>
<arg>5s</arg>
<arg>Page should contain</arg>
<arg>${text}</arg>
</arguments>
<kw name="Page Should Contain" library="Selenium2Library">
<doc>Verifies that current page contains ``text``.</doc>
<arguments>
<arg>${text}</arg>
</arguments>
<msg timestamp="20191109 18:24:47.182" level="INFO">Current page contains text 'Segundo Trecho'.</msg>
<status status="PASS" starttime="20191109 18:24:47.099" endtime="20191109 18:24:47.182"></status>
</kw>
<status status="PASS" starttime="20191109 18:24:47.098" endtime="20191109 18:24:47.182"></status>
</kw>
<status status="PASS" starttime="20191109 18:24:47.097" endtime="20191109 18:24:47.182"></status>
</kw>
<kw name="And I take sceenshot" library="keywords">
<kw name="Capture Page Screenshot" library="Selenium2Library">
<doc>Takes screenshot of the current page and embeds it into log file.</doc>
<msg timestamp="20191109 18:24:47.957" level="INFO" html="yes">&lt;/td&gt;&lt;/tr&gt;&lt;tr&gt;&lt;td colspan="3"&gt;&lt;a href="selenium-screenshot-3.png"&gt;&lt;img src="selenium-screenshot-3.png" width="800px"&gt;&lt;/a&gt;</msg>
<status status="PASS" starttime="20191109 18:24:47.185" endtime="20191109 18:24:47.957"></status>
</kw>
<status status="PASS" starttime="20191109 18:24:47.184" endtime="20191109 18:24:47.957"></status>
</kw>
<kw name="Close All Browsers" library="Selenium2Library" type="teardown">
<doc>Closes all open browsers and resets the browser cache.</doc>
<status status="PASS" starttime="20191109 18:24:47.959" endtime="20191109 18:24:50.399"></status>
</kw>
<tags>
<tag>scenario3</tag>
</tags>
<status status="PASS" starttime="20191109 18:24:24.724" endtime="20191109 18:24:50.400" critical="yes"></status>
</test>
<test id="s1-t4" name="4) Scenario: Buscar passagem ida e volta para 2 adultos, exibir valor em Reais e mostrar datas flexíveis">
<kw name="Given I navigate to https://www.voeazul.com.br/home" library="keywords">
<kw name="Open Browser" library="Selenium2Library">
<doc>Opens a new browser instance to the given ``url``.</doc>
<arguments>
<arg>${URL}</arg>
<arg>chrome</arg>
</arguments>
<msg timestamp="20191109 18:24:50.412" level="INFO">Opening browser 'chrome' to base url 'https://www.voeazul.com.br/home'.</msg>
<status status="PASS" starttime="20191109 18:24:50.412" endtime="20191109 18:25:03.285"></status>
</kw>
<kw name="Maximize Browser Window" library="Selenium2Library">
<doc>Maximizes current browser window.</doc>
<status status="PASS" starttime="20191109 18:25:03.286" endtime="20191109 18:25:08.161"></status>
</kw>
<status status="PASS" starttime="20191109 18:24:50.410" endtime="20191109 18:25:08.161"></status>
</kw>
<kw name="When I click on ${IDA_E_VOLTA} button" library="keywords">
<kw name="Wait For Condition" library="Selenium2Library">
<doc>Waits until ``condition`` is true or ``timeout`` expires.</doc>
<arguments>
<arg>return document.readyState=="complete"</arg>
<arg>${TIMEOUT}</arg>
</arguments>
<status status="PASS" starttime="20191109 18:25:08.165" endtime="20191109 18:25:08.439"></status>
</kw>
<kw name="Wait Until Element Is Visible" library="Selenium2Library">
<doc>Waits until element ``locator`` is visible.</doc>
<arguments>
<arg>${ELEMENT}</arg>
<arg>${TIMEOUT}</arg>
</arguments>
<status status="PASS" starttime="20191109 18:25:08.439" endtime="20191109 18:25:09.214"></status>
</kw>
<kw name="Wait Until Element Is Enabled" library="Selenium2Library">
<doc>Waits until element ``locator`` is enabled.</doc>
<arguments>
<arg>${ELEMENT}</arg>
<arg>${TIMEOUT}</arg>
</arguments>
<status status="PASS" starttime="20191109 18:25:09.215" endtime="20191109 18:25:09.345"></status>
</kw>
<kw name="Wait Until Keyword Succeeds" library="BuiltIn">
<doc>Runs the specified keyword and retries if it fails.</doc>
<arguments>
<arg>2x</arg>
<arg>5s</arg>
<arg>Set Focus To Element</arg>
<arg>${ELEMENT}</arg>
</arguments>
<kw name="Set Focus To Element" library="Selenium2Library">
<doc>Sets focus to element identified by ``locator``.</doc>
<arguments>
<arg>${ELEMENT}</arg>
</arguments>
<status status="PASS" starttime="20191109 18:25:09.347" endtime="20191109 18:25:09.426"></status>
</kw>
<status status="PASS" starttime="20191109 18:25:09.345" endtime="20191109 18:25:09.426"></status>
</kw>
<kw name="Wait Until Keyword Succeeds" library="BuiltIn">
<doc>Runs the specified keyword and retries if it fails.</doc>
<arguments>
<arg>2x</arg>
<arg>5s</arg>
<arg>Click Element</arg>
<arg>${ELEMENT}</arg>
</arguments>
<kw name="Click Element" library="Selenium2Library">
<doc>Click element identified by ``locator``.</doc>
<arguments>
<arg>${ELEMENT}</arg>
</arguments>
<msg timestamp="20191109 18:25:09.429" level="INFO">Clicking element '//label[contains(text(), "ida e volta")]'.</msg>
<status status="PASS" starttime="20191109 18:25:09.427" endtime="20191109 18:25:09.905"></status>
</kw>
<status status="PASS" starttime="20191109 18:25:09.427" endtime="20191109 18:25:09.906"></status>
</kw>
<kw name="Sleep" library="BuiltIn">
<doc>Pauses the test executed for the given time.</doc>
<arguments>
<arg>2s</arg>
</arguments>
<msg timestamp="20191109 18:25:11.911" level="INFO">Slept 2 seconds</msg>
<status status="PASS" starttime="20191109 18:25:09.906" endtime="20191109 18:25:11.911"></status>
</kw>
<status status="PASS" starttime="20191109 18:25:08.164" endtime="20191109 18:25:11.912"></status>
</kw>
<kw name="And I enter city into input field ${INSERIR_ORIGEM} the value CAMPINAS" library="keywords">
<kw name="Wait Until Element Is Visible" library="Selenium2Library">
<doc>Waits until element ``locator`` is visible.</doc>
<arguments>
<arg>${ELEMENT}</arg>
<arg>${TIMEOUT}</arg>
</arguments>
<status status="PASS" starttime="20191109 18:25:11.915" endtime="20191109 18:25:12.059"></status>
</kw>
<kw name="Wait Until Element Is Enabled" library="Selenium2Library">
<doc>Waits until element ``locator`` is enabled.</doc>
<arguments>
<arg>${ELEMENT}</arg>
<arg>${TIMEOUT}</arg>
</arguments>
<status status="PASS" starttime="20191109 18:25:12.059" endtime="20191109 18:25:12.136"></status>
</kw>
<kw name="Wait Until Keyword Succeeds" library="BuiltIn">
<doc>Runs the specified keyword and retries if it fails.</doc>
<arguments>
<arg>2x</arg>
<arg>5s</arg>
<arg>Set Focus To Element</arg>
<arg>${ELEMENT}</arg>
</arguments>
<kw name="Set Focus To Element" library="Selenium2Library">
<doc>Sets focus to element identified by ``locator``.</doc>
<arguments>
<arg>${ELEMENT}</arg>
</arguments>
<status status="PASS" starttime="20191109 18:25:12.139" endtime="20191109 18:25:12.201"></status>
</kw>
<status status="PASS" starttime="20191109 18:25:12.137" endtime="20191109 18:25:12.201"></status>
</kw>
<kw name="Wait Until Keyword Succeeds" library="BuiltIn">
<doc>Runs the specified keyword and retries if it fails.</doc>
<arguments>
<arg>2x</arg>
<arg>5s</arg>
<arg>Click Element</arg>
<arg>${ELEMENT}</arg>
</arguments>
<kw name="Click Element" library="Selenium2Library">
<doc>Click element identified by ``locator``.</doc>
<arguments>
<arg>${ELEMENT}</arg>
</arguments>
<msg timestamp="20191109 18:25:12.203" level="INFO">Clicking element '//input[@id="ticket-origin1"]'.</msg>
<status status="PASS" starttime="20191109 18:25:12.203" endtime="20191109 18:25:12.401"></status>
</kw>
<status status="PASS" starttime="20191109 18:25:12.202" endtime="20191109 18:25:12.401"></status>
</kw>
<kw name="Sleep" library="BuiltIn">
<doc>Pauses the test executed for the given time.</doc>
<arguments>
<arg>0.5</arg>
</arguments>
<msg timestamp="20191109 18:25:12.905" level="INFO">Slept 500 milliseconds</msg>
<status status="PASS" starttime="20191109 18:25:12.401" endtime="20191109 18:25:12.905"></status>
</kw>
<kw name="Wait Until Keyword Succeeds" library="BuiltIn">
<doc>Runs the specified keyword and retries if it fails.</doc>
<arguments>
<arg>2x</arg>
<arg>5s</arg>
<arg>Input Text</arg>
<arg>${ELEMENT}</arg>
<arg>${VALUE}</arg>
</arguments>
<kw name="Input Text" library="Selenium2Library">
<doc>Types the given ``text`` into text field identified by ``locator``.</doc>
<arguments>
<arg>${ELEMENT}</arg>
<arg>${VALUE}</arg>
</arguments>
<msg timestamp="20191109 18:25:12.907" level="INFO">Typing text 'CAMPINAS' into text field '//input[@id="ticket-origin1"]'.</msg>
<status status="PASS" starttime="20191109 18:25:12.907" endtime="20191109 18:25:14.214"></status>
</kw>
<status status="PASS" starttime="20191109 18:25:12.906" endtime="20191109 18:25:14.214"></status>
</kw>
<kw name="Press Key" library="Selenium2Library">
<doc>Deprecated use `Press Keys` instead.</doc>
<arguments>
<arg>${ELEMENT}</arg>
<arg>\\13</arg>
</arguments>
<status status="PASS" starttime="20191109 18:25:14.215" endtime="20191109 18:25:14.323"></status>
</kw>
<status status="PASS" starttime="20191109 18:25:11.913" endtime="20191109 18:25:14.327"></status>
</kw>
<kw name="And I enter city into input field ${INSERIR_DESTINO} the value FLORIANOPOLIS" library="keywords">
<kw name="Wait Until Element Is Visible" library="Selenium2Library">
<doc>Waits until element ``locator`` is visible.</doc>
<arguments>
<arg>${ELEMENT}</arg>
<arg>${TIMEOUT}</arg>
</arguments>
<status status="PASS" starttime="20191109 18:25:14.331" endtime="20191109 18:25:14.481"></status>
</kw>
<kw name="Wait Until Element Is Enabled" library="Selenium2Library">
<doc>Waits until element ``locator`` is enabled.</doc>
<arguments>
<arg>${ELEMENT}</arg>
<arg>${TIMEOUT}</arg>
</arguments>
<status status="PASS" starttime="20191109 18:25:14.481" endtime="20191109 18:25:14.602"></status>
</kw>
<kw name="Wait Until Keyword Succeeds" library="BuiltIn">
<doc>Runs the specified keyword and retries if it fails.</doc>
<arguments>
<arg>2x</arg>
<arg>5s</arg>
<arg>Set Focus To Element</arg>
<arg>${ELEMENT}</arg>
</arguments>
<kw name="Set Focus To Element" library="Selenium2Library">
<doc>Sets focus to element identified by ``locator``.</doc>
<arguments>
<arg>${ELEMENT}</arg>
</arguments>
<status status="PASS" starttime="20191109 18:25:14.604" endtime="20191109 18:25:14.640"></status>
</kw>
<status status="PASS" starttime="20191109 18:25:14.603" endtime="20191109 18:25:14.641"></status>
</kw>
<kw name="Wait Until Keyword Succeeds" library="BuiltIn">
<doc>Runs the specified keyword and retries if it fails.</doc>
<arguments>
<arg>2x</arg>
<arg>5s</arg>
<arg>Click Element</arg>
<arg>${ELEMENT}</arg>
</arguments>
<kw name="Click Element" library="Selenium2Library">
<doc>Click element identified by ``locator``.</doc>
<arguments>
<arg>${ELEMENT}</arg>
</arguments>
<msg timestamp="20191109 18:25:14.643" level="INFO">Clicking element '//input[@id="ticket-destination1"]'.</msg>
<status status="PASS" starttime="20191109 18:25:14.642" endtime="20191109 18:25:14.870"></status>
</kw>
<status status="PASS" starttime="20191109 18:25:14.641" endtime="20191109 18:25:14.871"></status>
</kw>
<kw name="Sleep" library="BuiltIn">
<doc>Pauses the test executed for the given time.</doc>
<arguments>
<arg>0.5</arg>
</arguments>
<msg timestamp="20191109 18:25:15.373" level="INFO">Slept 500 milliseconds</msg>
<status status="PASS" starttime="20191109 18:25:14.871" endtime="20191109 18:25:15.373"></status>
</kw>
<kw name="Wait Until Keyword Succeeds" library="BuiltIn">
<doc>Runs the specified keyword and retries if it fails.</doc>
<arguments>
<arg>2x</arg>
<arg>5s</arg>
<arg>Input Text</arg>
<arg>${ELEMENT}</arg>
<arg>${VALUE}</arg>
</arguments>
<kw name="Input Text" library="Selenium2Library">
<doc>Types the given ``text`` into text field identified by ``locator``.</doc>
<arguments>
<arg>${ELEMENT}</arg>
<arg>${VALUE}</arg>
</arguments>
<msg timestamp="20191109 18:25:15.373" level="INFO">Typing text 'FLORIANOPOLIS' into text field '//input[@id="ticket-destination1"]'.</msg>
<status status="PASS" starttime="20191109 18:25:15.373" endtime="20191109 18:25:16.957"></status>
</kw>
<status status="PASS" starttime="20191109 18:25:15.373" endtime="20191109 18:25:16.957"></status>
</kw>
<kw name="Press Key" library="Selenium2Library">
<doc>Deprecated use `Press Keys` instead.</doc>
<arguments>
<arg>${ELEMENT}</arg>
<arg>\\13</arg>
</arguments>
<status status="PASS" starttime="20191109 18:25:16.958" endtime="20191109 18:25:17.113"></status>
</kw>
<status status="PASS" starttime="20191109 18:25:14.329" endtime="20191109 18:25:17.113"></status>
</kw>
<kw name="And I enter into input field ${DATA_IDA} the value 26/02/2020" library="keywords">
<kw name="Wait Until Element Is Visible" library="Selenium2Library">
<doc>Waits until element ``locator`` is visible.</doc>
<arguments>
<arg>${ELEMENT}</arg>
<arg>${TIMEOUT}</arg>
</arguments>
<status status="PASS" starttime="20191109 18:25:17.121" endtime="20191109 18:25:17.290"></status>
</kw>
<kw name="Wait Until Element Is Enabled" library="Selenium2Library">
<doc>Waits until element ``locator`` is enabled.</doc>
<arguments>
<arg>${ELEMENT}</arg>
<arg>${TIMEOUT}</arg>
</arguments>
<status status="PASS" starttime="20191109 18:25:17.290" endtime="20191109 18:25:17.369"></status>
</kw>
<kw name="Wait Until Keyword Succeeds" library="BuiltIn">
<doc>Runs the specified keyword and retries if it fails.</doc>
<arguments>
<arg>2x</arg>
<arg>5s</arg>
<arg>Set Focus To Element</arg>
<arg>${ELEMENT}</arg>
</arguments>
<kw name="Set Focus To Element" library="Selenium2Library">
<doc>Sets focus to element identified by ``locator``.</doc>
<arguments>
<arg>${ELEMENT}</arg>
</arguments>
<status status="PASS" starttime="20191109 18:25:17.369" endtime="20191109 18:25:17.408"></status>
</kw>
<status status="PASS" starttime="20191109 18:25:17.369" endtime="20191109 18:25:17.408"></status>
</kw>
<kw name="Wait Until Keyword Succeeds" library="BuiltIn">
<doc>Runs the specified keyword and retries if it fails.</doc>
<arguments>
<arg>2x</arg>
<arg>5s</arg>
<arg>Click Element</arg>
<arg>${ELEMENT}</arg>
</arguments>
<kw name="Click Element" library="Selenium2Library">
<doc>Click element identified by ``locator``.</doc>
<arguments>
<arg>${ELEMENT}</arg>
</arguments>
<msg timestamp="20191109 18:25:17.411" level="INFO">Clicking element '//input[@id="ticket-departure1"]'.</msg>
<status status="PASS" starttime="20191109 18:25:17.410" endtime="20191109 18:25:17.952"></status>
</kw>
<status status="PASS" starttime="20191109 18:25:17.409" endtime="20191109 18:25:17.952"></status>
</kw>
<kw name="Sleep" library="BuiltIn">
<doc>Pauses the test executed for the given time.</doc>
<arguments>
<arg>0.5</arg>
</arguments>
<msg timestamp="20191109 18:25:18.454" level="INFO">Slept 500 milliseconds</msg>
<status status="PASS" starttime="20191109 18:25:17.952" endtime="20191109 18:25:18.454"></status>
</kw>
<kw name="Wait Until Keyword Succeeds" library="BuiltIn">
<doc>Runs the specified keyword and retries if it fails.</doc>
<arguments>
<arg>2x</arg>
<arg>5s</arg>
<arg>Input Text</arg>
<arg>${ELEMENT}</arg>
<arg>${VALUE}</arg>
</arguments>
<kw name="Input Text" library="Selenium2Library">
<doc>Types the given ``text`` into text field identified by ``locator``.</doc>
<arguments>
<arg>${ELEMENT}</arg>
<arg>${VALUE}</arg>
</arguments>
<msg timestamp="20191109 18:25:18.458" level="INFO">Typing text '26/02/2020' into text field '//input[@id="ticket-departure1"]'.</msg>
<status status="PASS" starttime="20191109 18:25:18.457" endtime="20191109 18:25:20.471"></status>
</kw>
<status status="PASS" starttime="20191109 18:25:18.455" endtime="20191109 18:25:20.471"></status>
</kw>
<status status="PASS" starttime="20191109 18:25:17.120" endtime="20191109 18:25:20.471"></status>
</kw>
<kw name="And I enter into input field ${DATA_VOLTA} the value 05/03/2020" library="keywords">
<kw name="Wait Until Element Is Visible" library="Selenium2Library">
<doc>Waits until element ``locator`` is visible.</doc>
<arguments>
<arg>${ELEMENT}</arg>
<arg>${TIMEOUT}</arg>
</arguments>
<status status="PASS" starttime="20191109 18:25:20.475" endtime="20191109 18:25:20.577"></status>
</kw>
<kw name="Wait Until Element Is Enabled" library="Selenium2Library">
<doc>Waits until element ``locator`` is enabled.</doc>
<arguments>
<arg>${ELEMENT}</arg>
<arg>${TIMEOUT}</arg>
</arguments>
<status status="PASS" starttime="20191109 18:25:20.577" endtime="20191109 18:25:20.643"></status>
</kw>
<kw name="Wait Until Keyword Succeeds" library="BuiltIn">
<doc>Runs the specified keyword and retries if it fails.</doc>
<arguments>
<arg>2x</arg>
<arg>5s</arg>
<arg>Set Focus To Element</arg>
<arg>${ELEMENT}</arg>
</arguments>
<kw name="Set Focus To Element" library="Selenium2Library">
<doc>Sets focus to element identified by ``locator``.</doc>
<arguments>
<arg>${ELEMENT}</arg>
</arguments>
<status status="PASS" starttime="20191109 18:25:20.644" endtime="20191109 18:25:20.742"></status>
</kw>
<status status="PASS" starttime="20191109 18:25:20.643" endtime="20191109 18:25:20.742"></status>
</kw>
<kw name="Wait Until Keyword Succeeds" library="BuiltIn">
<doc>Runs the specified keyword and retries if it fails.</doc>
<arguments>
<arg>2x</arg>
<arg>5s</arg>
<arg>Click Element</arg>
<arg>${ELEMENT}</arg>
</arguments>
<kw name="Click Element" library="Selenium2Library">
<doc>Click element identified by ``locator``.</doc>
<arguments>
<arg>${ELEMENT}</arg>
</arguments>
<msg timestamp="20191109 18:25:20.743" level="INFO">Clicking element '//input[@id="ticket-arrival1"]'.</msg>
<status status="PASS" starttime="20191109 18:25:20.743" endtime="20191109 18:25:21.082"></status>
</kw>
<status status="PASS" starttime="20191109 18:25:20.742" endtime="20191109 18:25:21.082"></status>
</kw>
<kw name="Sleep" library="BuiltIn">
<doc>Pauses the test executed for the given time.</doc>
<arguments>
<arg>0.5</arg>
</arguments>
<msg timestamp="20191109 18:25:21.586" level="INFO">Slept 500 milliseconds</msg>
<status status="PASS" starttime="20191109 18:25:21.082" endtime="20191109 18:25:21.586"></status>
</kw>
<kw name="Wait Until Keyword Succeeds" library="BuiltIn">
<doc>Runs the specified keyword and retries if it fails.</doc>
<arguments>
<arg>2x</arg>
<arg>5s</arg>
<arg>Input Text</arg>
<arg>${ELEMENT}</arg>
<arg>${VALUE}</arg>
</arguments>
<kw name="Input Text" library="Selenium2Library">
<doc>Types the given ``text`` into text field identified by ``locator``.</doc>
<arguments>
<arg>${ELEMENT}</arg>
<arg>${VALUE}</arg>
</arguments>
<msg timestamp="20191109 18:25:21.589" level="INFO">Typing text '05/03/2020' into text field '//input[@id="ticket-arrival1"]'.</msg>
<status status="PASS" starttime="20191109 18:25:21.588" endtime="20191109 18:25:23.444"></status>
</kw>
<status status="PASS" starttime="20191109 18:25:21.587" endtime="20191109 18:25:23.444"></status>
</kw>
<status status="PASS" starttime="20191109 18:25:20.474" endtime="20191109 18:25:23.444"></status>
</kw>
<kw name="And I click on ${ADICIONAR_ADULTO} button" library="keywords">
<kw name="Wait For Condition" library="Selenium2Library">
<doc>Waits until ``condition`` is true or ``timeout`` expires.</doc>
<arguments>
<arg>return document.readyState=="complete"</arg>
<arg>${TIMEOUT}</arg>
</arguments>
<status status="PASS" starttime="20191109 18:25:23.445" endtime="20191109 18:25:23.459"></status>
</kw>
<kw name="Wait Until Element Is Visible" library="Selenium2Library">
<doc>Waits until element ``locator`` is visible.</doc>
<arguments>
<arg>${ELEMENT}</arg>
<arg>${TIMEOUT}</arg>
</arguments>
<status status="PASS" starttime="20191109 18:25:23.459" endtime="20191109 18:25:23.558"></status>
</kw>
<kw name="Wait Until Element Is Enabled" library="Selenium2Library">
<doc>Waits until element ``locator`` is enabled.</doc>
<arguments>
<arg>${ELEMENT}</arg>
<arg>${TIMEOUT}</arg>
</arguments>
<status status="PASS" starttime="20191109 18:25:23.558" endtime="20191109 18:25:23.621"></status>
</kw>
<kw name="Wait Until Keyword Succeeds" library="BuiltIn">
<doc>Runs the specified keyword and retries if it fails.</doc>
<arguments>
<arg>2x</arg>
<arg>5s</arg>
<arg>Set Focus To Element</arg>
<arg>${ELEMENT}</arg>
</arguments>
<kw name="Set Focus To Element" library="Selenium2Library">
<doc>Sets focus to element identified by ``locator``.</doc>
<arguments>
<arg>${ELEMENT}</arg>
</arguments>
<status status="PASS" starttime="20191109 18:25:23.621" endtime="20191109 18:25:23.664"></status>
</kw>
<status status="PASS" starttime="20191109 18:25:23.621" endtime="20191109 18:25:23.664"></status>
</kw>
<kw name="Wait Until Keyword Succeeds" library="BuiltIn">
<doc>Runs the specified keyword and retries if it fails.</doc>
<arguments>
<arg>2x</arg>
<arg>5s</arg>
<arg>Click Element</arg>
<arg>${ELEMENT}</arg>
</arguments>
<kw name="Click Element" library="Selenium2Library">
<doc>Click element identified by ``locator``.</doc>
<arguments>
<arg>${ELEMENT}</arg>
</arguments>
<msg timestamp="20191109 18:25:23.664" level="INFO">Clicking element '//*[@id="ticket-detail"]/div[5]/div[1]/div/div[1]/div/div/fieldset/button[2]'.</msg>
<status status="PASS" starttime="20191109 18:25:23.664" endtime="20191109 18:25:23.915"></status>
</kw>
<status status="PASS" starttime="20191109 18:25:23.664" endtime="20191109 18:25:23.915"></status>
</kw>
<kw name="Sleep" library="BuiltIn">
<doc>Pauses the test executed for the given time.</doc>
<arguments>
<arg>2s</arg>
</arguments>
<msg timestamp="20191109 18:25:25.919" level="INFO">Slept 2 seconds</msg>
<status status="PASS" starttime="20191109 18:25:23.915" endtime="20191109 18:25:25.919"></status>
</kw>
<status status="PASS" starttime="20191109 18:25:23.445" endtime="20191109 18:25:25.920"></status>
</kw>
<kw name="And I click on ${MOSTRAR_DATAS_FLEXIVEIS} button" library="keywords">
<kw name="Wait For Condition" library="Selenium2Library">
<doc>Waits until ``condition`` is true or ``timeout`` expires.</doc>
<arguments>
<arg>return document.readyState=="complete"</arg>
<arg>${TIMEOUT}</arg>
</arguments>
<status status="PASS" starttime="20191109 18:25:25.922" endtime="20191109 18:25:25.936"></status>
</kw>
<kw name="Wait Until Element Is Visible" library="Selenium2Library">
<doc>Waits until element ``locator`` is visible.</doc>
<arguments>
<arg>${ELEMENT}</arg>
<arg>${TIMEOUT}</arg>
</arguments>
<status status="PASS" starttime="20191109 18:25:25.936" endtime="20191109 18:25:25.993"></status>
</kw>
<kw name="Wait Until Element Is Enabled" library="Selenium2Library">
<doc>Waits until element ``locator`` is enabled.</doc>
<arguments>
<arg>${ELEMENT}</arg>
<arg>${TIMEOUT}</arg>
</arguments>
<status status="PASS" starttime="20191109 18:25:25.993" endtime="20191109 18:25:26.039"></status>
</kw>
<kw name="Wait Until Keyword Succeeds" library="BuiltIn">
<doc>Runs the specified keyword and retries if it fails.</doc>
<arguments>
<arg>2x</arg>
<arg>5s</arg>
<arg>Set Focus To Element</arg>
<arg>${ELEMENT}</arg>
</arguments>
<kw name="Set Focus To Element" library="Selenium2Library">
<doc>Sets focus to element identified by ``locator``.</doc>
<arguments>
<arg>${ELEMENT}</arg>
</arguments>
<status status="PASS" starttime="20191109 18:25:26.039" endtime="20191109 18:25:26.066"></status>
</kw>
<status status="PASS" starttime="20191109 18:25:26.039" endtime="20191109 18:25:26.066"></status>
</kw>
<kw name="Wait Until Keyword Succeeds" library="BuiltIn">
<doc>Runs the specified keyword and retries if it fails.</doc>
<arguments>
<arg>2x</arg>
<arg>5s</arg>
<arg>Click Element</arg>
<arg>${ELEMENT}</arg>
</arguments>
<kw name="Click Element" library="Selenium2Library">
<doc>Click element identified by ``locator``.</doc>
<arguments>
<arg>${ELEMENT}</arg>
</arguments>
<msg timestamp="20191109 18:25:26.069" level="INFO">Clicking element '//*[@id="flexible-prices-column"]/label/span[1]'.</msg>
<status status="PASS" starttime="20191109 18:25:26.066" endtime="20191109 18:25:26.245"></status>
</kw>
<status status="PASS" starttime="20191109 18:25:26.066" endtime="20191109 18:25:26.245"></status>
</kw>
<kw name="Sleep" library="BuiltIn">
<doc>Pauses the test executed for the given time.</doc>
<arguments>
<arg>2s</arg>
</arguments>
<msg timestamp="20191109 18:25:28.251" level="INFO">Slept 2 seconds</msg>
<status status="PASS" starttime="20191109 18:25:26.246" endtime="20191109 18:25:28.251"></status>
</kw>
<status status="PASS" starttime="20191109 18:25:25.921" endtime="20191109 18:25:28.251"></status>
</kw>
<kw name="And I take sceenshot" library="keywords">
<kw name="Capture Page Screenshot" library="Selenium2Library">
<doc>Takes screenshot of the current page and embeds it into log file.</doc>
<msg timestamp="20191109 18:25:30.178" level="INFO" html="yes">&lt;/td&gt;&lt;/tr&gt;&lt;tr&gt;&lt;td colspan="3"&gt;&lt;a href="selenium-screenshot-4.png"&gt;&lt;img src="selenium-screenshot-4.png" width="800px"&gt;&lt;/a&gt;</msg>
<status status="PASS" starttime="20191109 18:25:28.254" endtime="20191109 18:25:30.178"></status>
</kw>
<status status="PASS" starttime="20191109 18:25:28.253" endtime="20191109 18:25:30.178"></status>
</kw>
<kw name="And I click on ${BUSCAR_PASSAGENS} button" library="keywords">
<kw name="Wait For Condition" library="Selenium2Library">
<doc>Waits until ``condition`` is true or ``timeout`` expires.</doc>
<arguments>
<arg>return document.readyState=="complete"</arg>
<arg>${TIMEOUT}</arg>
</arguments>
<status status="PASS" starttime="20191109 18:25:30.180" endtime="20191109 18:25:30.194"></status>
</kw>
<kw name="Wait Until Element Is Visible" library="Selenium2Library">
<doc>Waits until element ``locator`` is visible.</doc>
<arguments>
<arg>${ELEMENT}</arg>
<arg>${TIMEOUT}</arg>
</arguments>
<status status="PASS" starttime="20191109 18:25:30.195" endtime="20191109 18:25:30.257"></status>
</kw>
<kw name="Wait Until Element Is Enabled" library="Selenium2Library">
<doc>Waits until element ``locator`` is enabled.</doc>
<arguments>
<arg>${ELEMENT}</arg>
<arg>${TIMEOUT}</arg>
</arguments>
<status status="PASS" starttime="20191109 18:25:30.257" endtime="20191109 18:25:30.317"></status>
</kw>
<kw name="Wait Until Keyword Succeeds" library="BuiltIn">
<doc>Runs the specified keyword and retries if it fails.</doc>
<arguments>
<arg>2x</arg>
<arg>5s</arg>
<arg>Set Focus To Element</arg>
<arg>${ELEMENT}</arg>
</arguments>
<kw name="Set Focus To Element" library="Selenium2Library">
<doc>Sets focus to element identified by ``locator``.</doc>
<arguments>
<arg>${ELEMENT}</arg>
</arguments>
<status status="PASS" starttime="20191109 18:25:30.317" endtime="20191109 18:25:30.357"></status>
</kw>
<status status="PASS" starttime="20191109 18:25:30.317" endtime="20191109 18:25:30.357"></status>
</kw>
<kw name="Wait Until Keyword Succeeds" library="BuiltIn">
<doc>Runs the specified keyword and retries if it fails.</doc>
<arguments>
<arg>2x</arg>
<arg>5s</arg>
<arg>Click Element</arg>
<arg>${ELEMENT}</arg>
</arguments>
<kw name="Click Element" library="Selenium2Library">
<doc>Click element identified by ``locator``.</doc>
<arguments>
<arg>${ELEMENT}</arg>
</arguments>
<msg timestamp="20191109 18:25:30.360" level="INFO">Clicking element '//*[@id="ticket-detail"]/div[5]/div[3]/div/button'.</msg>
<status status="PASS" starttime="20191109 18:25:30.359" endtime="20191109 18:25:40.898"></status>
</kw>
<status status="PASS" starttime="20191109 18:25:30.358" endtime="20191109 18:25:40.898"></status>
</kw>
<kw name="Sleep" library="BuiltIn">
<doc>Pauses the test executed for the given time.</doc>
<arguments>
<arg>2s</arg>
</arguments>
<msg timestamp="20191109 18:25:42.901" level="INFO">Slept 2 seconds</msg>
<status status="PASS" starttime="20191109 18:25:40.899" endtime="20191109 18:25:42.902"></status>
</kw>
<status status="PASS" starttime="20191109 18:25:30.179" endtime="20191109 18:25:42.902"></status>
</kw>
<kw name="Then I should see text Selecione seu voo" library="keywords">
<kw name="Wait Until Keyword Succeeds" library="BuiltIn">
<doc>Runs the specified keyword and retries if it fails.</doc>
<arguments>
<arg>2x</arg>
<arg>5s</arg>
<arg>Page should contain</arg>
<arg>${text}</arg>
</arguments>
<kw name="Page Should Contain" library="Selenium2Library">
<doc>Verifies that current page contains ``text``.</doc>
<arguments>
<arg>${text}</arg>
</arguments>
<msg timestamp="20191109 18:25:43.065" level="INFO">Current page contains text 'Selecione seu voo'.</msg>
<status status="PASS" starttime="20191109 18:25:42.909" endtime="20191109 18:25:43.065"></status>
</kw>
<status status="PASS" starttime="20191109 18:25:42.903" endtime="20191109 18:25:43.065"></status>
</kw>
<status status="PASS" starttime="20191109 18:25:42.903" endtime="20191109 18:25:43.065"></status>
</kw>
<kw name="And I take sceenshot" library="keywords">
<kw name="Capture Page Screenshot" library="Selenium2Library">
<doc>Takes screenshot of the current page and embeds it into log file.</doc>
<msg timestamp="20191109 18:25:43.918" level="INFO" html="yes">&lt;/td&gt;&lt;/tr&gt;&lt;tr&gt;&lt;td colspan="3"&gt;&lt;a href="selenium-screenshot-5.png"&gt;&lt;img src="selenium-screenshot-5.png" width="800px"&gt;&lt;/a&gt;</msg>
<status status="PASS" starttime="20191109 18:25:43.067" endtime="20191109 18:25:43.918"></status>
</kw>
<status status="PASS" starttime="20191109 18:25:43.066" endtime="20191109 18:25:43.919"></status>
</kw>
<kw name="Close All Browsers" library="Selenium2Library" type="teardown">
<doc>Closes all open browsers and resets the browser cache.</doc>
<status status="PASS" starttime="20191109 18:25:43.920" endtime="20191109 18:25:46.423"></status>
</kw>
<tags>
<tag>scenario7</tag>
</tags>
<status status="PASS" starttime="20191109 18:24:50.404" endtime="20191109 18:25:46.425" critical="yes"></status>
</test>
<test id="s1-t5" name="5) Scenario: Buscar passagem somente ida ou volta para um adulto e uma criança, buscar o valor por pontos e reais">
<kw name="Given I navigate to https://www.voeazul.com.br/home" library="keywords">
<kw name="Open Browser" library="Selenium2Library">
<doc>Opens a new browser instance to the given ``url``.</doc>
<arguments>
<arg>${URL}</arg>
<arg>chrome</arg>
</arguments>
<msg timestamp="20191109 18:25:46.478" level="INFO">Opening browser 'chrome' to base url 'https://www.voeazul.com.br/home'.</msg>
<status status="PASS" starttime="20191109 18:25:46.477" endtime="20191109 18:26:01.895"></status>
</kw>
<kw name="Maximize Browser Window" library="Selenium2Library">
<doc>Maximizes current browser window.</doc>
<status status="PASS" starttime="20191109 18:26:01.896" endtime="20191109 18:26:06.954"></status>
</kw>
<status status="PASS" starttime="20191109 18:25:46.475" endtime="20191109 18:26:06.954"></status>
</kw>
<kw name="When I click on ${SOMENTE_IDA_OU_VOLTA} button" library="keywords">
<kw name="Wait For Condition" library="Selenium2Library">
<doc>Waits until ``condition`` is true or ``timeout`` expires.</doc>
<arguments>
<arg>return document.readyState=="complete"</arg>
<arg>${TIMEOUT}</arg>
</arguments>
<status status="PASS" starttime="20191109 18:26:06.957" endtime="20191109 18:26:07.130"></status>
</kw>
<kw name="Wait Until Element Is Visible" library="Selenium2Library">
<doc>Waits until element ``locator`` is visible.</doc>
<arguments>
<arg>${ELEMENT}</arg>
<arg>${TIMEOUT}</arg>
</arguments>
<status status="PASS" starttime="20191109 18:26:07.130" endtime="20191109 18:26:07.224"></status>
</kw>
<kw name="Wait Until Element Is Enabled" library="Selenium2Library">
<doc>Waits until element ``locator`` is enabled.</doc>
<arguments>
<arg>${ELEMENT}</arg>
<arg>${TIMEOUT}</arg>
</arguments>
<status status="PASS" starttime="20191109 18:26:07.224" endtime="20191109 18:26:07.736"></status>
</kw>
<kw name="Wait Until Keyword Succeeds" library="BuiltIn">
<doc>Runs the specified keyword and retries if it fails.</doc>
<arguments>
<arg>2x</arg>
<arg>5s</arg>
<arg>Set Focus To Element</arg>
<arg>${ELEMENT}</arg>
</arguments>
<kw name="Set Focus To Element" library="Selenium2Library">
<doc>Sets focus to element identified by ``locator``.</doc>
<arguments>
<arg>${ELEMENT}</arg>
</arguments>
<status status="PASS" starttime="20191109 18:26:07.739" endtime="20191109 18:26:07.878"></status>
</kw>
<status status="PASS" starttime="20191109 18:26:07.738" endtime="20191109 18:26:07.879"></status>
</kw>
<kw name="Wait Until Keyword Succeeds" library="BuiltIn">
<doc>Runs the specified keyword and retries if it fails.</doc>
<arguments>
<arg>2x</arg>
<arg>5s</arg>
<arg>Click Element</arg>
<arg>${ELEMENT}</arg>
</arguments>
<kw name="Click Element" library="Selenium2Library">
<doc>Click element identified by ``locator``.</doc>
<arguments>
<arg>${ELEMENT}</arg>
</arguments>
<msg timestamp="20191109 18:26:07.881" level="INFO">Clicking element '//label[contains(text(), "somente ida ou volta")]'.</msg>
<status status="PASS" starttime="20191109 18:26:07.880" endtime="20191109 18:26:08.264"></status>
</kw>
<status status="PASS" starttime="20191109 18:26:07.879" endtime="20191109 18:26:08.265"></status>
</kw>
<kw name="Sleep" library="BuiltIn">
<doc>Pauses the test executed for the given time.</doc>
<arguments>
<arg>2s</arg>
</arguments>
<msg timestamp="20191109 18:26:10.266" level="INFO">Slept 2 seconds</msg>
<status status="PASS" starttime="20191109 18:26:08.265" endtime="20191109 18:26:10.266"></status>
</kw>
<status status="PASS" starttime="20191109 18:26:06.956" endtime="20191109 18:26:10.266"></status>
</kw>
<kw name="And I click on ${SELECIONAR_ORIGEM} button" library="keywords">
<kw name="Wait For Condition" library="Selenium2Library">
<doc>Waits until ``condition`` is true or ``timeout`` expires.</doc>
<arguments>
<arg>return document.readyState=="complete"</arg>
<arg>${TIMEOUT}</arg>
</arguments>
<status status="PASS" starttime="20191109 18:26:10.267" endtime="20191109 18:26:10.284"></status>
</kw>
<kw name="Wait Until Element Is Visible" library="Selenium2Library">
<doc>Waits until element ``locator`` is visible.</doc>
<arguments>
<arg>${ELEMENT}</arg>
<arg>${TIMEOUT}</arg>
</arguments>
<status status="PASS" starttime="20191109 18:26:10.285" endtime="20191109 18:26:10.351"></status>
</kw>
<kw name="Wait Until Element Is Enabled" library="Selenium2Library">
<doc>Waits until element ``locator`` is enabled.</doc>
<arguments>
<arg>${ELEMENT}</arg>
<arg>${TIMEOUT}</arg>
</arguments>
<status status="PASS" starttime="20191109 18:26:10.351" endtime="20191109 18:26:10.416"></status>
</kw>
<kw name="Wait Until Keyword Succeeds" library="BuiltIn">
<doc>Runs the specified keyword and retries if it fails.</doc>
<arguments>
<arg>2x</arg>
<arg>5s</arg>
<arg>Set Focus To Element</arg>
<arg>${ELEMENT}</arg>
</arguments>
<kw name="Set Focus To Element" library="Selenium2Library">
<doc>Sets focus to element identified by ``locator``.</doc>
<arguments>
<arg>${ELEMENT}</arg>
</arguments>
<status status="PASS" starttime="20191109 18:26:10.417" endtime="20191109 18:26:10.481"></status>
</kw>
<status status="PASS" starttime="20191109 18:26:10.416" endtime="20191109 18:26:10.481"></status>
</kw>
<kw name="Wait Until Keyword Succeeds" library="BuiltIn">
<doc>Runs the specified keyword and retries if it fails.</doc>
<arguments>
<arg>2x</arg>
<arg>5s</arg>
<arg>Click Element</arg>
<arg>${ELEMENT}</arg>
</arguments>
<kw name="Click Element" library="Selenium2Library">
<doc>Click element identified by ``locator``.</doc>
<arguments>
<arg>${ELEMENT}</arg>
</arguments>
<msg timestamp="20191109 18:26:10.484" level="INFO">Clicking element '//*[@id="ticket-content"]/div[1]/div[1]/div/div/div/a'.</msg>
<status status="PASS" starttime="20191109 18:26:10.484" endtime="20191109 18:26:10.790"></status>
</kw>
<status status="PASS" starttime="20191109 18:26:10.482" endtime="20191109 18:26:10.790"></status>
</kw>
<kw name="Sleep" library="BuiltIn">
<doc>Pauses the test executed for the given time.</doc>
<arguments>
<arg>2s</arg>
</arguments>
<msg timestamp="20191109 18:26:12.795" level="INFO">Slept 2 seconds</msg>
<status status="PASS" starttime="20191109 18:26:10.790" endtime="20191109 18:26:12.795"></status>
</kw>
<status status="PASS" starttime="20191109 18:26:10.267" endtime="20191109 18:26:12.796"></status>
</kw>
<kw name="And I take sceenshot" library="keywords">
<kw name="Capture Page Screenshot" library="Selenium2Library">
<doc>Takes screenshot of the current page and embeds it into log file.</doc>
<msg timestamp="20191109 18:26:13.616" level="INFO" html="yes">&lt;/td&gt;&lt;/tr&gt;&lt;tr&gt;&lt;td colspan="3"&gt;&lt;a href="selenium-screenshot-6.png"&gt;&lt;img src="selenium-screenshot-6.png" width="800px"&gt;&lt;/a&gt;</msg>
<status status="PASS" starttime="20191109 18:26:12.798" endtime="20191109 18:26:13.617"></status>
</kw>
<status status="PASS" starttime="20191109 18:26:12.798" endtime="20191109 18:26:13.618"></status>
</kw>
<kw name="And I select city ${CURITIBA}" library="keywords">
<kw name="Wait Until Element Is Visible" library="Selenium2Library">
<doc>Waits until element ``locator`` is visible.</doc>
<arguments>
<arg>${ELEMENT}</arg>
<arg>${TIMEOUT}</arg>
</arguments>
<status status="PASS" starttime="20191109 18:26:13.620" endtime="20191109 18:26:13.684"></status>
</kw>
<kw name="Wait Until Element Is Enabled" library="Selenium2Library">
<doc>Waits until element ``locator`` is enabled.</doc>
<arguments>
<arg>${ELEMENT}</arg>
<arg>${TIMEOUT}</arg>
</arguments>
<status status="PASS" starttime="20191109 18:26:13.684" endtime="20191109 18:26:13.729"></status>
</kw>
<kw name="Wait Until Keyword Succeeds" library="BuiltIn">
<doc>Runs the specified keyword and retries if it fails.</doc>
<arguments>
<arg>2x</arg>
<arg>5s</arg>
<arg>Click Element</arg>
<arg>${ELEMENT}</arg>
</arguments>
<kw name="Click Element" library="Selenium2Library">
<doc>Click element identified by ``locator``.</doc>
<arguments>
<arg>${ELEMENT}</arg>
</arguments>
<msg timestamp="20191109 18:26:13.731" level="INFO">Clicking element '//*[@id="Brasil"]/div/div[2]/div/div/div/div[2]/ul/li[3]'.</msg>
<status status="PASS" starttime="20191109 18:26:13.730" endtime="20191109 18:26:13.904"></status>
</kw>
<status status="PASS" starttime="20191109 18:26:13.730" endtime="20191109 18:26:13.905"></status>
</kw>
<kw name="Sleep" library="BuiltIn">
<doc>Pauses the test executed for the given time.</doc>
<arguments>
<arg>2s</arg>
</arguments>
<msg timestamp="20191109 18:26:15.907" level="INFO">Slept 2 seconds</msg>
<status status="PASS" starttime="20191109 18:26:13.905" endtime="20191109 18:26:15.907"></status>
</kw>
<status status="PASS" starttime="20191109 18:26:13.620" endtime="20191109 18:26:15.907"></status>
</kw>
<kw name="And I click on ${SELECIONAR_DESTINO} button" library="keywords">
<kw name="Wait For Condition" library="Selenium2Library">
<doc>Waits until ``condition`` is true or ``timeout`` expires.</doc>
<arguments>
<arg>return document.readyState=="complete"</arg>
<arg>${TIMEOUT}</arg>
</arguments>
<status status="PASS" starttime="20191109 18:26:15.909" endtime="20191109 18:26:15.923"></status>
</kw>
<kw name="Wait Until Element Is Visible" library="Selenium2Library">
<doc>Waits until element ``locator`` is visible.</doc>
<arguments>
<arg>${ELEMENT}</arg>
<arg>${TIMEOUT}</arg>
</arguments>
<status status="PASS" starttime="20191109 18:26:15.923" endtime="20191109 18:26:15.987"></status>
</kw>
<kw name="Wait Until Element Is Enabled" library="Selenium2Library">
<doc>Waits until element ``locator`` is enabled.</doc>
<arguments>
<arg>${ELEMENT}</arg>
<arg>${TIMEOUT}</arg>
</arguments>
<status status="PASS" starttime="20191109 18:26:15.988" endtime="20191109 18:26:16.053"></status>
</kw>
<kw name="Wait Until Keyword Succeeds" library="BuiltIn">
<doc>Runs the specified keyword and retries if it fails.</doc>
<arguments>
<arg>2x</arg>
<arg>5s</arg>
<arg>Set Focus To Element</arg>
<arg>${ELEMENT}</arg>
</arguments>
<kw name="Set Focus To Element" library="Selenium2Library">
<doc>Sets focus to element identified by ``locator``.</doc>
<arguments>
<arg>${ELEMENT}</arg>
</arguments>
<status status="PASS" starttime="20191109 18:26:16.053" endtime="20191109 18:26:16.095"></status>
</kw>
<status status="PASS" starttime="20191109 18:26:16.053" endtime="20191109 18:26:16.096"></status>
</kw>
<kw name="Wait Until Keyword Succeeds" library="BuiltIn">
<doc>Runs the specified keyword and retries if it fails.</doc>
<arguments>
<arg>2x</arg>
<arg>5s</arg>
<arg>Click Element</arg>
<arg>${ELEMENT}</arg>
</arguments>
<kw name="Click Element" library="Selenium2Library">
<doc>Click element identified by ``locator``.</doc>
<arguments>
<arg>${ELEMENT}</arg>
</arguments>
<msg timestamp="20191109 18:26:16.097" level="INFO">Clicking element '//*[@id="ticket-content"]/div[1]/div[2]/div/div/div/a'.</msg>
<status status="PASS" starttime="20191109 18:26:16.097" endtime="20191109 18:26:16.388"></status>
</kw>
<status status="PASS" starttime="20191109 18:26:16.096" endtime="20191109 18:26:16.388"></status>
</kw>
<kw name="Sleep" library="BuiltIn">
<doc>Pauses the test executed for the given time.</doc>
<arguments>
<arg>2s</arg>
</arguments>
<msg timestamp="20191109 18:26:18.395" level="INFO">Slept 2 seconds</msg>
<status status="PASS" starttime="20191109 18:26:16.389" endtime="20191109 18:26:18.395"></status>
</kw>
<status status="PASS" starttime="20191109 18:26:15.909" endtime="20191109 18:26:18.395"></status>
</kw>
<kw name="And I select city ${FLORIANOPOLIS}" library="keywords">
<kw name="Wait Until Element Is Visible" library="Selenium2Library">
<doc>Waits until element ``locator`` is visible.</doc>
<arguments>
<arg>${ELEMENT}</arg>
<arg>${TIMEOUT}</arg>
</arguments>
<status status="PASS" starttime="20191109 18:26:18.395" endtime="20191109 18:26:18.458"></status>
</kw>
<kw name="Wait Until Element Is Enabled" library="Selenium2Library">
<doc>Waits until element ``locator`` is enabled.</doc>
<arguments>
<arg>${ELEMENT}</arg>
<arg>${TIMEOUT}</arg>
</arguments>
<status status="PASS" starttime="20191109 18:26:18.460" endtime="20191109 18:26:18.505"></status>
</kw>
<kw name="Wait Until Keyword Succeeds" library="BuiltIn">
<doc>Runs the specified keyword and retries if it fails.</doc>
<arguments>
<arg>2x</arg>
<arg>5s</arg>
<arg>Click Element</arg>
<arg>${ELEMENT}</arg>
</arguments>
<kw name="Click Element" library="Selenium2Library">
<doc>Click element identified by ``locator``.</doc>
<arguments>
<arg>${ELEMENT}</arg>
</arguments>
<msg timestamp="20191109 18:26:18.506" level="INFO">Clicking element '//*[@id="Brasil"]/div/div[2]/div/div/div/div[2]/ul/li[8]'.</msg>
<status status="PASS" starttime="20191109 18:26:18.505" endtime="20191109 18:26:18.700"></status>
</kw>
<status status="PASS" starttime="20191109 18:26:18.505" endtime="20191109 18:26:18.700"></status>
</kw>
<kw name="Sleep" library="BuiltIn">
<doc>Pauses the test executed for the given time.</doc>
<arguments>
<arg>2s</arg>
</arguments>
<msg timestamp="20191109 18:26:20.703" level="INFO">Slept 2 seconds</msg>
<status status="PASS" starttime="20191109 18:26:18.701" endtime="20191109 18:26:20.703"></status>
</kw>
<status status="PASS" starttime="20191109 18:26:18.395" endtime="20191109 18:26:20.704"></status>
</kw>
<kw name="And I enter into input field ${DATA_IDA} the value 23/01/2020" library="keywords">
<kw name="Wait Until Element Is Visible" library="Selenium2Library">
<doc>Waits until element ``locator`` is visible.</doc>
<arguments>
<arg>${ELEMENT}</arg>
<arg>${TIMEOUT}</arg>
</arguments>
<status status="PASS" starttime="20191109 18:26:20.704" endtime="20191109 18:26:20.756"></status>
</kw>
<kw name="Wait Until Element Is Enabled" library="Selenium2Library">
<doc>Waits until element ``locator`` is enabled.</doc>
<arguments>
<arg>${ELEMENT}</arg>
<arg>${TIMEOUT}</arg>
</arguments>
<status status="PASS" starttime="20191109 18:26:20.756" endtime="20191109 18:26:20.803"></status>
</kw>
<kw name="Wait Until Keyword Succeeds" library="BuiltIn">
<doc>Runs the specified keyword and retries if it fails.</doc>
<arguments>
<arg>2x</arg>
<arg>5s</arg>
<arg>Set Focus To Element</arg>
<arg>${ELEMENT}</arg>
</arguments>
<kw name="Set Focus To Element" library="Selenium2Library">
<doc>Sets focus to element identified by ``locator``.</doc>
<arguments>
<arg>${ELEMENT}</arg>
</arguments>
<status status="PASS" starttime="20191109 18:26:20.804" endtime="20191109 18:26:20.827"></status>
</kw>
<status status="PASS" starttime="20191109 18:26:20.803" endtime="20191109 18:26:20.827"></status>
</kw>
<kw name="Wait Until Keyword Succeeds" library="BuiltIn">
<doc>Runs the specified keyword and retries if it fails.</doc>
<arguments>
<arg>2x</arg>
<arg>5s</arg>
<arg>Click Element</arg>
<arg>${ELEMENT}</arg>
</arguments>
<kw name="Click Element" library="Selenium2Library">
<doc>Click element identified by ``locator``.</doc>
<arguments>
<arg>${ELEMENT}</arg>
</arguments>
<msg timestamp="20191109 18:26:20.828" level="INFO">Clicking element '//input[@id="ticket-departure1"]'.</msg>
<status status="PASS" starttime="20191109 18:26:20.828" endtime="20191109 18:26:20.969"></status>
</kw>
<status status="PASS" starttime="20191109 18:26:20.828" endtime="20191109 18:26:20.969"></status>
</kw>
<kw name="Sleep" library="BuiltIn">
<doc>Pauses the test executed for the given time.</doc>
<arguments>
<arg>0.5</arg>
</arguments>
<msg timestamp="20191109 18:26:21.474" level="INFO">Slept 500 milliseconds</msg>
<status status="PASS" starttime="20191109 18:26:20.969" endtime="20191109 18:26:21.474"></status>
</kw>
<kw name="Wait Until Keyword Succeeds" library="BuiltIn">
<doc>Runs the specified keyword and retries if it fails.</doc>
<arguments>
<arg>2x</arg>
<arg>5s</arg>
<arg>Input Text</arg>
<arg>${ELEMENT}</arg>
<arg>${VALUE}</arg>
</arguments>
<kw name="Input Text" library="Selenium2Library">
<doc>Types the given ``text`` into text field identified by ``locator``.</doc>
<arguments>
<arg>${ELEMENT}</arg>
<arg>${VALUE}</arg>
</arguments>
<msg timestamp="20191109 18:26:21.474" level="INFO">Typing text '23/01/2020' into text field '//input[@id="ticket-departure1"]'.</msg>
<status status="PASS" starttime="20191109 18:26:21.474" endtime="20191109 18:26:22.561"></status>
</kw>
<status status="PASS" starttime="20191109 18:26:21.474" endtime="20191109 18:26:22.561"></status>
</kw>
<status status="PASS" starttime="20191109 18:26:20.704" endtime="20191109 18:26:22.562"></status>
</kw>
<kw name="And I click on ${ADICIONAR_ADULTO} button" library="keywords">
<kw name="Wait For Condition" library="Selenium2Library">
<doc>Waits until ``condition`` is true or ``timeout`` expires.</doc>
<arguments>
<arg>return document.readyState=="complete"</arg>
<arg>${TIMEOUT}</arg>
</arguments>
<status status="PASS" starttime="20191109 18:26:22.566" endtime="20191109 18:26:22.593"></status>
</kw>
<kw name="Wait Until Element Is Visible" library="Selenium2Library">
<doc>Waits until element ``locator`` is visible.</doc>
<arguments>
<arg>${ELEMENT}</arg>
<arg>${TIMEOUT}</arg>
</arguments>
<status status="PASS" starttime="20191109 18:26:22.594" endtime="20191109 18:26:22.739"></status>
</kw>
<kw name="Wait Until Element Is Enabled" library="Selenium2Library">
<doc>Waits until element ``locator`` is enabled.</doc>
<arguments>
<arg>${ELEMENT}</arg>
<arg>${TIMEOUT}</arg>
</arguments>
<status status="PASS" starttime="20191109 18:26:22.739" endtime="20191109 18:26:22.864"></status>
</kw>
<kw name="Wait Until Keyword Succeeds" library="BuiltIn">
<doc>Runs the specified keyword and retries if it fails.</doc>
<arguments>
<arg>2x</arg>
<arg>5s</arg>
<arg>Set Focus To Element</arg>
<arg>${ELEMENT}</arg>
</arguments>
<kw name="Set Focus To Element" library="Selenium2Library">
<doc>Sets focus to element identified by ``locator``.</doc>
<arguments>
<arg>${ELEMENT}</arg>
</arguments>
<status status="PASS" starttime="20191109 18:26:22.865" endtime="20191109 18:26:22.934"></status>
</kw>
<status status="PASS" starttime="20191109 18:26:22.864" endtime="20191109 18:26:22.934"></status>
</kw>
<kw name="Wait Until Keyword Succeeds" library="BuiltIn">
<doc>Runs the specified keyword and retries if it fails.</doc>
<arguments>
<arg>2x</arg>
<arg>5s</arg>
<arg>Click Element</arg>
<arg>${ELEMENT}</arg>
</arguments>
<kw name="Click Element" library="Selenium2Library">
<doc>Click element identified by ``locator``.</doc>
<arguments>
<arg>${ELEMENT}</arg>
</arguments>
<msg timestamp="20191109 18:26:22.936" level="INFO">Clicking element '//*[@id="ticket-detail"]/div[5]/div[1]/div/div[1]/div/div/fieldset/button[2]'.</msg>
<status status="PASS" starttime="20191109 18:26:22.935" endtime="20191109 18:26:23.161"></status>
</kw>
<status status="PASS" starttime="20191109 18:26:22.935" endtime="20191109 18:26:23.161"></status>
</kw>
<kw name="Sleep" library="BuiltIn">
<doc>Pauses the test executed for the given time.</doc>
<arguments>
<arg>2s</arg>
</arguments>
<msg timestamp="20191109 18:26:25.163" level="INFO">Slept 2 seconds</msg>
<status status="PASS" starttime="20191109 18:26:23.161" endtime="20191109 18:26:25.163"></status>
</kw>
<status status="PASS" starttime="20191109 18:26:22.564" endtime="20191109 18:26:25.163"></status>
</kw>
<kw name="And I enter into input field ${INSERIR_CRIANCA} the value 1" library="keywords">
<kw name="Wait Until Element Is Visible" library="Selenium2Library">
<doc>Waits until element ``locator`` is visible.</doc>
<arguments>
<arg>${ELEMENT}</arg>
<arg>${TIMEOUT}</arg>
</arguments>
<status status="PASS" starttime="20191109 18:26:25.163" endtime="20191109 18:26:25.240"></status>
</kw>
<kw name="Wait Until Element Is Enabled" library="Selenium2Library">
<doc>Waits until element ``locator`` is enabled.</doc>
<arguments>
<arg>${ELEMENT}</arg>
<arg>${TIMEOUT}</arg>
</arguments>
<status status="PASS" starttime="20191109 18:26:25.240" endtime="20191109 18:26:25.306"></status>
</kw>
<kw name="Wait Until Keyword Succeeds" library="BuiltIn">
<doc>Runs the specified keyword and retries if it fails.</doc>
<arguments>
<arg>2x</arg>
<arg>5s</arg>
<arg>Set Focus To Element</arg>
<arg>${ELEMENT}</arg>
</arguments>
<kw name="Set Focus To Element" library="Selenium2Library">
<doc>Sets focus to element identified by ``locator``.</doc>
<arguments>
<arg>${ELEMENT}</arg>
</arguments>
<status status="PASS" starttime="20191109 18:26:25.307" endtime="20191109 18:26:25.360"></status>
</kw>
<status status="PASS" starttime="20191109 18:26:25.306" endtime="20191109 18:26:25.360"></status>
</kw>
<kw name="Wait Until Keyword Succeeds" library="BuiltIn">
<doc>Runs the specified keyword and retries if it fails.</doc>
<arguments>
<arg>2x</arg>
<arg>5s</arg>
<arg>Click Element</arg>
<arg>${ELEMENT}</arg>
</arguments>
<kw name="Click Element" library="Selenium2Library">
<doc>Click element identified by ``locator``.</doc>
<arguments>
<arg>${ELEMENT}</arg>
</arguments>
<msg timestamp="20191109 18:26:25.362" level="INFO">Clicking element '//*[@id="ticket-children"]'.</msg>
<status status="PASS" starttime="20191109 18:26:25.361" endtime="20191109 18:26:25.518"></status>
</kw>
<status status="PASS" starttime="20191109 18:26:25.361" endtime="20191109 18:26:25.518"></status>
</kw>
<kw name="Sleep" library="BuiltIn">
<doc>Pauses the test executed for the given time.</doc>
<arguments>
<arg>0.5</arg>
</arguments>
<msg timestamp="20191109 18:26:26.024" level="INFO">Slept 500 milliseconds</msg>
<status status="PASS" starttime="20191109 18:26:25.519" endtime="20191109 18:26:26.024"></status>
</kw>
<kw name="Wait Until Keyword Succeeds" library="BuiltIn">
<doc>Runs the specified keyword and retries if it fails.</doc>
<arguments>
<arg>2x</arg>
<arg>5s</arg>
<arg>Input Text</arg>
<arg>${ELEMENT}</arg>
<arg>${VALUE}</arg>
</arguments>
<kw name="Input Text" library="Selenium2Library">
<doc>Types the given ``text`` into text field identified by ``locator``.</doc>
<arguments>
<arg>${ELEMENT}</arg>
<arg>${VALUE}</arg>
</arguments>
<msg timestamp="20191109 18:26:26.026" level="INFO">Typing text '1' into text field '//*[@id="ticket-children"]'.</msg>
<status status="PASS" starttime="20191109 18:26:26.025" endtime="20191109 18:26:26.190"></status>
</kw>
<status status="PASS" starttime="20191109 18:26:26.024" endtime="20191109 18:26:26.190"></status>
</kw>
<status status="PASS" starttime="20191109 18:26:25.163" endtime="20191109 18:26:26.190"></status>
</kw>
<kw name="And I click on ${VALOR_EM_PONTOS_E_REAIS} button" library="keywords">
<kw name="Wait For Condition" library="Selenium2Library">
<doc>Waits until ``condition`` is true or ``timeout`` expires.</doc>
<arguments>
<arg>return document.readyState=="complete"</arg>
<arg>${TIMEOUT}</arg>
</arguments>
<status status="PASS" starttime="20191109 18:26:26.193" endtime="20191109 18:26:26.205"></status>
</kw>
<kw name="Wait Until Element Is Visible" library="Selenium2Library">
<doc>Waits until element ``locator`` is visible.</doc>
<arguments>
<arg>${ELEMENT}</arg>
<arg>${TIMEOUT}</arg>
</arguments>
<status status="PASS" starttime="20191109 18:26:26.205" endtime="20191109 18:26:26.269"></status>
</kw>
<kw name="Wait Until Element Is Enabled" library="Selenium2Library">
<doc>Waits until element ``locator`` is enabled.</doc>
<arguments>
<arg>${ELEMENT}</arg>
<arg>${TIMEOUT}</arg>
</arguments>
<status status="PASS" starttime="20191109 18:26:26.270" endtime="20191109 18:26:26.322"></status>
</kw>
<kw name="Wait Until Keyword Succeeds" library="BuiltIn">
<doc>Runs the specified keyword and retries if it fails.</doc>
<arguments>
<arg>2x</arg>
<arg>5s</arg>
<arg>Set Focus To Element</arg>
<arg>${ELEMENT}</arg>
</arguments>
<kw name="Set Focus To Element" library="Selenium2Library">
<doc>Sets focus to element identified by ``locator``.</doc>
<arguments>
<arg>${ELEMENT}</arg>
</arguments>
<status status="PASS" starttime="20191109 18:26:26.322" endtime="20191109 18:26:26.370"></status>
</kw>
<status status="PASS" starttime="20191109 18:26:26.322" endtime="20191109 18:26:26.370"></status>
</kw>
<kw name="Wait Until Keyword Succeeds" library="BuiltIn">
<doc>Runs the specified keyword and retries if it fails.</doc>
<arguments>
<arg>2x</arg>
<arg>5s</arg>
<arg>Click Element</arg>
<arg>${ELEMENT}</arg>
</arguments>
<kw name="Click Element" library="Selenium2Library">
<doc>Click element identified by ``locator``.</doc>
<arguments>
<arg>${ELEMENT}</arg>
</arguments>
<msg timestamp="20191109 18:26:26.374" level="INFO">Clicking element '//*[@id="fare-types-column"]/fieldset/span/label[2]'.</msg>
<status status="PASS" starttime="20191109 18:26:26.374" endtime="20191109 18:26:26.625"></status>
</kw>
<status status="PASS" starttime="20191109 18:26:26.374" endtime="20191109 18:26:26.625"></status>
</kw>
<kw name="Sleep" library="BuiltIn">
<doc>Pauses the test executed for the given time.</doc>
<arguments>
<arg>2s</arg>
</arguments>
<msg timestamp="20191109 18:26:28.633" level="INFO">Slept 2 seconds</msg>
<status status="PASS" starttime="20191109 18:26:26.626" endtime="20191109 18:26:28.633"></status>
</kw>
<status status="PASS" starttime="20191109 18:26:26.192" endtime="20191109 18:26:28.633"></status>
</kw>
<kw name="And I take sceenshot" library="keywords">
<kw name="Capture Page Screenshot" library="Selenium2Library">
<doc>Takes screenshot of the current page and embeds it into log file.</doc>
<msg timestamp="20191109 18:26:29.331" level="INFO" html="yes">&lt;/td&gt;&lt;/tr&gt;&lt;tr&gt;&lt;td colspan="3"&gt;&lt;a href="selenium-screenshot-7.png"&gt;&lt;img src="selenium-screenshot-7.png" width="800px"&gt;&lt;/a&gt;</msg>
<status status="PASS" starttime="20191109 18:26:28.635" endtime="20191109 18:26:29.331"></status>
</kw>
<status status="PASS" starttime="20191109 18:26:28.634" endtime="20191109 18:26:29.332"></status>
</kw>
<kw name="And I click on ${BUSCAR_PASSAGENS} button" library="keywords">
<kw name="Wait For Condition" library="Selenium2Library">
<doc>Waits until ``condition`` is true or ``timeout`` expires.</doc>
<arguments>
<arg>return document.readyState=="complete"</arg>
<arg>${TIMEOUT}</arg>
</arguments>
<status status="PASS" starttime="20191109 18:26:29.334" endtime="20191109 18:26:29.343"></status>
</kw>
<kw name="Wait Until Element Is Visible" library="Selenium2Library">
<doc>Waits until element ``locator`` is visible.</doc>
<arguments>
<arg>${ELEMENT}</arg>
<arg>${TIMEOUT}</arg>
</arguments>
<status status="PASS" starttime="20191109 18:26:29.343" endtime="20191109 18:26:29.387"></status>
</kw>
<kw name="Wait Until Element Is Enabled" library="Selenium2Library">
<doc>Waits until element ``locator`` is enabled.</doc>
<arguments>
<arg>${ELEMENT}</arg>
<arg>${TIMEOUT}</arg>
</arguments>
<status status="PASS" starttime="20191109 18:26:29.387" endtime="20191109 18:26:29.446"></status>
</kw>
<kw name="Wait Until Keyword Succeeds" library="BuiltIn">
<doc>Runs the specified keyword and retries if it fails.</doc>
<arguments>
<arg>2x</arg>
<arg>5s</arg>
<arg>Set Focus To Element</arg>
<arg>${ELEMENT}</arg>
</arguments>
<kw name="Set Focus To Element" library="Selenium2Library">
<doc>Sets focus to element identified by ``locator``.</doc>
<arguments>
<arg>${ELEMENT}</arg>
</arguments>
<status status="PASS" starttime="20191109 18:26:29.450" endtime="20191109 18:26:29.494"></status>
</kw>
<status status="PASS" starttime="20191109 18:26:29.448" endtime="20191109 18:26:29.495"></status>
</kw>
<kw name="Wait Until Keyword Succeeds" library="BuiltIn">
<doc>Runs the specified keyword and retries if it fails.</doc>
<arguments>
<arg>2x</arg>
<arg>5s</arg>
<arg>Click Element</arg>
<arg>${ELEMENT}</arg>
</arguments>
<kw name="Click Element" library="Selenium2Library">
<doc>Click element identified by ``locator``.</doc>
<arguments>
<arg>${ELEMENT}</arg>
</arguments>
<msg timestamp="20191109 18:26:29.496" level="INFO">Clicking element '//*[@id="ticket-detail"]/div[5]/div[3]/div/button'.</msg>
<status status="PASS" starttime="20191109 18:26:29.496" endtime="20191109 18:26:44.356"></status>
</kw>
<status status="PASS" starttime="20191109 18:26:29.495" endtime="20191109 18:26:44.356"></status>
</kw>
<kw name="Sleep" library="BuiltIn">
<doc>Pauses the test executed for the given time.</doc>
<arguments>
<arg>2s</arg>
</arguments>
<msg timestamp="20191109 18:26:46.359" level="INFO">Slept 2 seconds</msg>
<status status="PASS" starttime="20191109 18:26:44.357" endtime="20191109 18:26:46.359"></status>
</kw>
<status status="PASS" starttime="20191109 18:26:29.333" endtime="20191109 18:26:46.359"></status>
</kw>
<kw name="Then I should see text Selecione seu voo" library="keywords">
<kw name="Wait Until Keyword Succeeds" library="BuiltIn">
<doc>Runs the specified keyword and retries if it fails.</doc>
<arguments>
<arg>2x</arg>
<arg>5s</arg>
<arg>Page should contain</arg>
<arg>${text}</arg>
</arguments>
<kw name="Page Should Contain" library="Selenium2Library">
<doc>Verifies that current page contains ``text``.</doc>
<arguments>
<arg>${text}</arg>
</arguments>
<msg timestamp="20191109 18:26:46.461" level="INFO">Current page contains text 'Selecione seu voo'.</msg>
<status status="PASS" starttime="20191109 18:26:46.366" endtime="20191109 18:26:46.461"></status>
</kw>
<status status="PASS" starttime="20191109 18:26:46.364" endtime="20191109 18:26:46.461"></status>
</kw>
<status status="PASS" starttime="20191109 18:26:46.363" endtime="20191109 18:26:46.462"></status>
</kw>
<kw name="And I take sceenshot" library="keywords">
<kw name="Capture Page Screenshot" library="Selenium2Library">
<doc>Takes screenshot of the current page and embeds it into log file.</doc>
<msg timestamp="20191109 18:26:47.030" level="INFO" html="yes">&lt;/td&gt;&lt;/tr&gt;&lt;tr&gt;&lt;td colspan="3"&gt;&lt;a href="selenium-screenshot-8.png"&gt;&lt;img src="selenium-screenshot-8.png" width="800px"&gt;&lt;/a&gt;</msg>
<status status="PASS" starttime="20191109 18:26:46.464" endtime="20191109 18:26:47.030"></status>
</kw>
<status status="PASS" starttime="20191109 18:26:46.463" endtime="20191109 18:26:47.031"></status>
</kw>
<kw name="Close All Browsers" library="Selenium2Library" type="teardown">
<doc>Closes all open browsers and resets the browser cache.</doc>
<status status="PASS" starttime="20191109 18:26:47.033" endtime="20191109 18:26:49.421"></status>
</kw>
<tags>
<tag>scenario8</tag>
</tags>
<status status="PASS" starttime="20191109 18:25:46.469" endtime="20191109 18:26:49.424" critical="yes"></status>
</test>
<test id="s1-t6" name="6) Scenario: Buscar passagem multitrechos para dois adultos, duas crianças e um bebe, buscar valor por pontos.">
<kw name="Given I navigate to https://www.voeazul.com.br/home" library="keywords">
<kw name="Open Browser" library="Selenium2Library">
<doc>Opens a new browser instance to the given ``url``.</doc>
<arguments>
<arg>${URL}</arg>
<arg>chrome</arg>
</arguments>
<msg timestamp="20191109 18:26:49.486" level="INFO">Opening browser 'chrome' to base url 'https://www.voeazul.com.br/home'.</msg>
<status status="PASS" starttime="20191109 18:26:49.486" endtime="20191109 18:27:04.784"></status>
</kw>
<kw name="Maximize Browser Window" library="Selenium2Library">
<doc>Maximizes current browser window.</doc>
<status status="PASS" starttime="20191109 18:27:04.785" endtime="20191109 18:27:09.631"></status>
</kw>
<status status="PASS" starttime="20191109 18:26:49.485" endtime="20191109 18:27:09.631"></status>
</kw>
<kw name="When I click on ${MULTITRECHOS} button" library="keywords">
<kw name="Wait For Condition" library="Selenium2Library">
<doc>Waits until ``condition`` is true or ``timeout`` expires.</doc>
<arguments>
<arg>return document.readyState=="complete"</arg>
<arg>${TIMEOUT}</arg>
</arguments>
<status status="PASS" starttime="20191109 18:27:09.634" endtime="20191109 18:27:10.063"></status>
</kw>
<kw name="Wait Until Element Is Visible" library="Selenium2Library">
<doc>Waits until element ``locator`` is visible.</doc>
<arguments>
<arg>${ELEMENT}</arg>
<arg>${TIMEOUT}</arg>
</arguments>
<status status="PASS" starttime="20191109 18:27:10.063" endtime="20191109 18:27:10.139"></status>
</kw>
<kw name="Wait Until Element Is Enabled" library="Selenium2Library">
<doc>Waits until element ``locator`` is enabled.</doc>
<arguments>
<arg>${ELEMENT}</arg>
<arg>${TIMEOUT}</arg>
</arguments>
<status status="PASS" starttime="20191109 18:27:10.139" endtime="20191109 18:27:10.211"></status>
</kw>
<kw name="Wait Until Keyword Succeeds" library="BuiltIn">
<doc>Runs the specified keyword and retries if it fails.</doc>
<arguments>
<arg>2x</arg>
<arg>5s</arg>
<arg>Set Focus To Element</arg>
<arg>${ELEMENT}</arg>
</arguments>
<kw name="Set Focus To Element" library="Selenium2Library">
<doc>Sets focus to element identified by ``locator``.</doc>
<arguments>
<arg>${ELEMENT}</arg>
</arguments>
<status status="PASS" starttime="20191109 18:27:10.212" endtime="20191109 18:27:10.290"></status>
</kw>
<status status="PASS" starttime="20191109 18:27:10.211" endtime="20191109 18:27:10.291"></status>
</kw>
<kw name="Wait Until Keyword Succeeds" library="BuiltIn">
<doc>Runs the specified keyword and retries if it fails.</doc>
<arguments>
<arg>2x</arg>
<arg>5s</arg>
<arg>Click Element</arg>
<arg>${ELEMENT}</arg>
</arguments>
<kw name="Click Element" library="Selenium2Library">
<doc>Click element identified by ``locator``.</doc>
<arguments>
<arg>${ELEMENT}</arg>
</arguments>
<msg timestamp="20191109 18:27:10.291" level="INFO">Clicking element '//label[contains(text(), "multitrechos")]'.</msg>
<status status="PASS" starttime="20191109 18:27:10.291" endtime="20191109 18:27:10.615"></status>
</kw>
<status status="PASS" starttime="20191109 18:27:10.291" endtime="20191109 18:27:10.616"></status>
</kw>
<kw name="Sleep" library="BuiltIn">
<doc>Pauses the test executed for the given time.</doc>
<arguments>
<arg>2s</arg>
</arguments>
<msg timestamp="20191109 18:27:12.618" level="INFO">Slept 2 seconds</msg>
<status status="PASS" starttime="20191109 18:27:10.616" endtime="20191109 18:27:12.618"></status>
</kw>
<status status="PASS" starttime="20191109 18:27:09.633" endtime="20191109 18:27:12.618"></status>
</kw>
[...]
<arguments>
<arg>0.5</arg>
</arguments>
<msg timestamp="20191109 18:31:19.495" level="INFO">Slept 500 milliseconds</msg>
<status status="PASS" starttime="20191109 18:31:18.994" endtime="20191109 18:31:19.496"></status>
</kw>
<kw name="Wait Until Keyword Succeeds" library="BuiltIn">
<doc>Runs the specified keyword and retries if it fails.</doc>
<arguments>
<arg>2x</arg>
<arg>5s</arg>
<arg>Input Text</arg>
<arg>${ELEMENT}</arg>
<arg>${VALUE}</arg>
</arguments>
<kw name="Input Text" library="Selenium2Library">
<doc>Types the given ``text`` into text field identified by ``locator``.</doc>
<arguments>
<arg>${ELEMENT}</arg>
<arg>${VALUE}</arg>
</arguments>
<msg timestamp="20191109 18:31:19.498" level="INFO">Typing text 'Cuiaba' into text field '//input[@id="ticket-origin1"]'.</msg>
<status status="PASS" starttime="20191109 18:31:19.498" endtime="20191109 18:31:20.173"></status>
</kw>
<status status="PASS" starttime="20191109 18:31:19.496" endtime="20191109 18:31:20.173"></status>
</kw>
<kw name="Press Key" library="Selenium2Library">
<doc>Deprecated use `Press Keys` instead.</doc>
<arguments>
<arg>${ELEMENT}</arg>
<arg>\\13</arg>
</arguments>
<status status="PASS" starttime="20191109 18:31:20.173" endtime="20191109 18:31:20.266"></status>
</kw>
<status status="PASS" starttime="20191109 18:31:18.511" endtime="20191109 18:31:20.266"></status>
</kw>
<kw name="And I enter city into input field ${INSERIR_DESTINO} the value São Paulo - Guarulhos" library="keywords">
<kw name="Wait Until Element Is Visible" library="Selenium2Library">
<doc>Waits until element ``locator`` is visible.</doc>
<arguments>
<arg>${ELEMENT}</arg>
<arg>${TIMEOUT}</arg>
</arguments>
<status status="PASS" starttime="20191109 18:31:20.270" endtime="20191109 18:31:20.337"></status>
</kw>
<kw name="Wait Until Element Is Enabled" library="Selenium2Library">
<doc>Waits until element ``locator`` is enabled.</doc>
<arguments>
<arg>${ELEMENT}</arg>
<arg>${TIMEOUT}</arg>
</arguments>
<status status="PASS" starttime="20191109 18:31:20.337" endtime="20191109 18:31:20.420"></status>
</kw>
<kw name="Wait Until Keyword Succeeds" library="BuiltIn">
<doc>Runs the specified keyword and retries if it fails.</doc>
<arguments>
<arg>2x</arg>
<arg>5s</arg>
<arg>Set Focus To Element</arg>
<arg>${ELEMENT}</arg>
</arguments>
<kw name="Set Focus To Element" library="Selenium2Library">
<doc>Sets focus to element identified by ``locator``.</doc>
<arguments>
<arg>${ELEMENT}</arg>
</arguments>
<status status="PASS" starttime="20191109 18:31:20.422" endtime="20191109 18:31:20.480"></status>
</kw>
<status status="PASS" starttime="20191109 18:31:20.420" endtime="20191109 18:31:20.480"></status>
</kw>
<kw name="Wait Until Keyword Succeeds" library="BuiltIn">
<doc>Runs the specified keyword and retries if it fails.</doc>
<arguments>
<arg>2x</arg>
<arg>5s</arg>
<arg>Click Element</arg>
<arg>${ELEMENT}</arg>
</arguments>
<kw name="Click Element" library="Selenium2Library">
<doc>Click element identified by ``locator``.</doc>
<arguments>
<arg>${ELEMENT}</arg>
</arguments>
<msg timestamp="20191109 18:31:20.482" level="INFO">Clicking element '//input[@id="ticket-destination1"]'.</msg>
<status status="PASS" starttime="20191109 18:31:20.481" endtime="20191109 18:31:20.624"></status>
</kw>
<status status="PASS" starttime="20191109 18:31:20.481" endtime="20191109 18:31:20.625"></status>
</kw>
<kw name="Sleep" library="BuiltIn">
<doc>Pauses the test executed for the given time.</doc>
<arguments>
<arg>0.5</arg>
</arguments>
<msg timestamp="20191109 18:31:21.129" level="INFO">Slept 500 milliseconds</msg>
<status status="PASS" starttime="20191109 18:31:20.625" endtime="20191109 18:31:21.129"></status>
</kw>
<kw name="Wait Until Keyword Succeeds" library="BuiltIn">
<doc>Runs the specified keyword and retries if it fails.</doc>
<arguments>
<arg>2x</arg>
<arg>5s</arg>
<arg>Input Text</arg>
<arg>${ELEMENT}</arg>
<arg>${VALUE}</arg>
</arguments>
<kw name="Input Text" library="Selenium2Library">
<doc>Types the given ``text`` into text field identified by ``locator``.</doc>
<arguments>
<arg>${ELEMENT}</arg>
<arg>${VALUE}</arg>
</arguments>
<msg timestamp="20191109 18:31:21.134" level="INFO">Typing text 'São Paulo - Guarulhos' into text field '//input[@id="ticket-destination1"]'.</msg>
<status status="PASS" starttime="20191109 18:31:21.133" endtime="20191109 18:31:22.703"></status>
</kw>
<status status="PASS" starttime="20191109 18:31:21.130" endtime="20191109 18:31:22.703"></status>
</kw>
<kw name="Press Key" library="Selenium2Library">
<doc>Deprecated use `Press Keys` instead.</doc>
<arguments>
<arg>${ELEMENT}</arg>
<arg>\\13</arg>
</arguments>
<status status="PASS" starttime="20191109 18:31:22.703" endtime="20191109 18:31:22.782"></status>
</kw>
<status status="PASS" starttime="20191109 18:31:20.266" endtime="20191109 18:31:22.782"></status>
</kw>
<kw name="And I enter into input field ${DATA_IDA} the value 15/03/2020" library="keywords">
<kw name="Wait Until Element Is Visible" library="Selenium2Library">
<doc>Waits until element ``locator`` is visible.</doc>
<arguments>
<arg>${ELEMENT}</arg>
<arg>${TIMEOUT}</arg>
</arguments>
<status status="PASS" starttime="20191109 18:31:22.786" endtime="20191109 18:31:22.890"></status>
</kw>
<kw name="Wait Until Element Is Enabled" library="Selenium2Library">
<doc>Waits until element ``locator`` is enabled.</doc>
<arguments>
<arg>${ELEMENT}</arg>
<arg>${TIMEOUT}</arg>
</arguments>
<status status="PASS" starttime="20191109 18:31:22.890" endtime="20191109 18:31:22.981"></status>
</kw>
<kw name="Wait Until Keyword Succeeds" library="BuiltIn">
<doc>Runs the specified keyword and retries if it fails.</doc>
<arguments>
<arg>2x</arg>
<arg>5s</arg>
<arg>Set Focus To Element</arg>
<arg>${ELEMENT}</arg>
</arguments>
<kw name="Set Focus To Element" library="Selenium2Library">
<doc>Sets focus to element identified by ``locator``.</doc>
<arguments>
<arg>${ELEMENT}</arg>
</arguments>
<status status="PASS" starttime="20191109 18:31:22.983" endtime="20191109 18:31:23.025"></status>
</kw>
<status status="PASS" starttime="20191109 18:31:22.981" endtime="20191109 18:31:23.026"></status>
</kw>
<kw name="Wait Until Keyword Succeeds" library="BuiltIn">
<doc>Runs the specified keyword and retries if it fails.</doc>
<arguments>
<arg>2x</arg>
<arg>5s</arg>
<arg>Click Element</arg>
<arg>${ELEMENT}</arg>
</arguments>
<kw name="Click Element" library="Selenium2Library">
<doc>Click element identified by ``locator``.</doc>
<arguments>
<arg>${ELEMENT}</arg>
</arguments>
<msg timestamp="20191109 18:31:23.028" level="INFO">Clicking element '//input[@id="ticket-departure1"]'.</msg>
<status status="PASS" starttime="20191109 18:31:23.027" endtime="20191109 18:31:23.316"></status>
</kw>
<status status="PASS" starttime="20191109 18:31:23.026" endtime="20191109 18:31:23.316"></status>
</kw>
<kw name="Sleep" library="BuiltIn">
<doc>Pauses the test executed for the given time.</doc>
<arguments>
<arg>0.5</arg>
</arguments>
<msg timestamp="20191109 18:31:23.822" level="INFO">Slept 500 milliseconds</msg>
<status status="PASS" starttime="20191109 18:31:23.317" endtime="20191109 18:31:23.822"></status>
</kw>
<kw name="Wait Until Keyword Succeeds" library="BuiltIn">
<doc>Runs the specified keyword and retries if it fails.</doc>
<arguments>
<arg>2x</arg>
<arg>5s</arg>
<arg>Input Text</arg>
<arg>${ELEMENT}</arg>
<arg>${VALUE}</arg>
</arguments>
<kw name="Input Text" library="Selenium2Library">
<doc>Types the given ``text`` into text field identified by ``locator``.</doc>
<arguments>
<arg>${ELEMENT}</arg>
<arg>${VALUE}</arg>
</arguments>
<msg timestamp="20191109 18:31:23.825" level="INFO">Typing text '15/03/2020' into text field '//input[@id="ticket-departure1"]'.</msg>
<status status="PASS" starttime="20191109 18:31:23.824" endtime="20191109 18:31:25.173"></status>
</kw>
<status status="PASS" starttime="20191109 18:31:23.822" endtime="20191109 18:31:25.174"></status>
</kw>
<status status="PASS" starttime="20191109 18:31:22.782" endtime="20191109 18:31:25.174"></status>
</kw>
<kw name="And I enter into input field ${DATA_VOLTA} the value 20/03/2020" library="keywords">
<kw name="Wait Until Element Is Visible" library="Selenium2Library">
<doc>Waits until element ``locator`` is visible.</doc>
<arguments>
<arg>${ELEMENT}</arg>
<arg>${TIMEOUT}</arg>
</arguments>
<status status="PASS" starttime="20191109 18:31:25.176" endtime="20191109 18:31:25.260"></status>
</kw>
<kw name="Wait Until Element Is Enabled" library="Selenium2Library">
<doc>Waits until element ``locator`` is enabled.</doc>
<arguments>
<arg>${ELEMENT}</arg>
<arg>${TIMEOUT}</arg>
</arguments>
<status status="PASS" starttime="20191109 18:31:25.260" endtime="20191109 18:31:25.375"></status>
</kw>
<kw name="Wait Until Keyword Succeeds" library="BuiltIn">
<doc>Runs the specified keyword and retries if it fails.</doc>
<arguments>
<arg>2x</arg>
<arg>5s</arg>
<arg>Set Focus To Element</arg>
<arg>${ELEMENT}</arg>
</arguments>
<kw name="Set Focus To Element" library="Selenium2Library">
<doc>Sets focus to element identified by ``locator``.</doc>
<arguments>
<arg>${ELEMENT}</arg>
</arguments>
<status status="PASS" starttime="20191109 18:31:25.377" endtime="20191109 18:31:25.493"></status>
</kw>
<status status="PASS" starttime="20191109 18:31:25.375" endtime="20191109 18:31:25.493"></status>
</kw>
<kw name="Wait Until Keyword Succeeds" library="BuiltIn">
<doc>Runs the specified keyword and retries if it fails.</doc>
<arguments>
<arg>2x</arg>
<arg>5s</arg>
<arg>Click Element</arg>
<arg>${ELEMENT}</arg>
</arguments>
<kw name="Click Element" library="Selenium2Library">
<doc>Click element identified by ``locator``.</doc>
<arguments>
<arg>${ELEMENT}</arg>
</arguments>
<msg timestamp="20191109 18:31:25.494" level="INFO">Clicking element '//input[@id="ticket-arrival1"]'.</msg>
<status status="PASS" starttime="20191109 18:31:25.494" endtime="20191109 18:31:25.749"></status>
</kw>
<status status="PASS" starttime="20191109 18:31:25.494" endtime="20191109 18:31:25.749"></status>
</kw>
<kw name="Sleep" library="BuiltIn">
<doc>Pauses the test executed for the given time.</doc>
<arguments>
<arg>0.5</arg>
</arguments>
<msg timestamp="20191109 18:31:26.252" level="INFO">Slept 500 milliseconds</msg>
<status status="PASS" starttime="20191109 18:31:25.749" endtime="20191109 18:31:26.252"></status>
</kw>
<kw name="Wait Until Keyword Succeeds" library="BuiltIn">
<doc>Runs the specified keyword and retries if it fails.</doc>
<arguments>
<arg>2x</arg>
<arg>5s</arg>
<arg>Input Text</arg>
<arg>${ELEMENT}</arg>
<arg>${VALUE}</arg>
</arguments>
<kw name="Input Text" library="Selenium2Library">
<doc>Types the given ``text`` into text field identified by ``locator``.</doc>
<arguments>
<arg>${ELEMENT}</arg>
<arg>${VALUE}</arg>
</arguments>
<msg timestamp="20191109 18:31:26.255" level="INFO">Typing text '20/03/2020' into text field '//input[@id="ticket-arrival1"]'.</msg>
<status status="PASS" starttime="20191109 18:31:26.254" endtime="20191109 18:31:27.873"></status>
</kw>
<status status="PASS" starttime="20191109 18:31:26.252" endtime="20191109 18:31:27.873"></status>
</kw>
<status status="PASS" starttime="20191109 18:31:25.176" endtime="20191109 18:31:27.873"></status>
</kw>
<kw name="And I enter into input field ${INSERIR_NUM_ADULTOS} the value 0" library="keywords">
<kw name="Wait Until Element Is Visible" library="Selenium2Library">
<doc>Waits until element ``locator`` is visible.</doc>
<arguments>
<arg>${ELEMENT}</arg>
<arg>${TIMEOUT}</arg>
</arguments>
<status status="PASS" starttime="20191109 18:31:27.873" endtime="20191109 18:31:27.954"></status>
</kw>
<kw name="Wait Until Element Is Enabled" library="Selenium2Library">
<doc>Waits until element ``locator`` is enabled.</doc>
<arguments>
<arg>${ELEMENT}</arg>
<arg>${TIMEOUT}</arg>
</arguments>
<status status="PASS" starttime="20191109 18:31:27.954" endtime="20191109 18:31:28.045"></status>
</kw>
<kw name="Wait Until Keyword Succeeds" library="BuiltIn">
<doc>Runs the specified keyword and retries if it fails.</doc>
<arguments>
<arg>2x</arg>
<arg>5s</arg>
<arg>Set Focus To Element</arg>
<arg>${ELEMENT}</arg>
</arguments>
<kw name="Set Focus To Element" library="Selenium2Library">
<doc>Sets focus to element identified by ``locator``.</doc>
<arguments>
<arg>${ELEMENT}</arg>
</arguments>
<status status="PASS" starttime="20191109 18:31:28.046" endtime="20191109 18:31:28.101"></status>
</kw>
<status status="PASS" starttime="20191109 18:31:28.045" endtime="20191109 18:31:28.101"></status>
</kw>
<kw name="Wait Until Keyword Succeeds" library="BuiltIn">
<doc>Runs the specified keyword and retries if it fails.</doc>
<arguments>
<arg>2x</arg>
<arg>5s</arg>
<arg>Click Element</arg>
<arg>${ELEMENT}</arg>
</arguments>
<kw name="Click Element" library="Selenium2Library">
<doc>Click element identified by ``locator``.</doc>
<arguments>
<arg>${ELEMENT}</arg>
</arguments>
<msg timestamp="20191109 18:31:28.101" level="INFO">Clicking element '//*[@id="ticket-adults"]'.</msg>
<status status="PASS" starttime="20191109 18:31:28.101" endtime="20191109 18:31:28.281"></status>
</kw>
<status status="PASS" starttime="20191109 18:31:28.101" endtime="20191109 18:31:28.281"></status>
</kw>
<kw name="Sleep" library="BuiltIn">
<doc>Pauses the test executed for the given time.</doc>
<arguments>
<arg>0.5</arg>
</arguments>
<msg timestamp="20191109 18:31:28.786" level="INFO">Slept 500 milliseconds</msg>
<status status="PASS" starttime="20191109 18:31:28.281" endtime="20191109 18:31:28.786"></status>
</kw>
<kw name="Wait Until Keyword Succeeds" library="BuiltIn">
<doc>Runs the specified keyword and retries if it fails.</doc>
<arguments>
<arg>2x</arg>
<arg>5s</arg>
<arg>Input Text</arg>
<arg>${ELEMENT}</arg>
<arg>${VALUE}</arg>
</arguments>
<kw name="Input Text" library="Selenium2Library">
<doc>Types the given ``text`` into text field identified by ``locator``.</doc>
<arguments>
<arg>${ELEMENT}</arg>
<arg>${VALUE}</arg>
</arguments>
<msg timestamp="20191109 18:31:28.787" level="INFO">Typing text '0' into text field '//*[@id="ticket-adults"]'.</msg>
<status status="PASS" starttime="20191109 18:31:28.787" endtime="20191109 18:31:28.958"></status>
</kw>
<status status="PASS" starttime="20191109 18:31:28.786" endtime="20191109 18:31:28.958"></status>
</kw>
<status status="PASS" starttime="20191109 18:31:27.873" endtime="20191109 18:31:28.958"></status>
</kw>
<kw name="And I click on ${BUSCAR_PASSAGENS} button" library="keywords">
<kw name="Wait For Condition" library="Selenium2Library">
<doc>Waits until ``condition`` is true or ``timeout`` expires.</doc>
<arguments>
<arg>return document.readyState=="complete"</arg>
<arg>${TIMEOUT}</arg>
</arguments>
<status status="PASS" starttime="20191109 18:31:28.958" endtime="20191109 18:31:28.978"></status>
</kw>
<kw name="Wait Until Element Is Visible" library="Selenium2Library">
<doc>Waits until element ``locator`` is visible.</doc>
<arguments>
<arg>${ELEMENT}</arg>
<arg>${TIMEOUT}</arg>
</arguments>
<status status="PASS" starttime="20191109 18:31:28.978" endtime="20191109 18:31:29.061"></status>
</kw>
<kw name="Wait Until Element Is Enabled" library="Selenium2Library">
<doc>Waits until element ``locator`` is enabled.</doc>
<arguments>
<arg>${ELEMENT}</arg>
<arg>${TIMEOUT}</arg>
</arguments>
<status status="PASS" starttime="20191109 18:31:29.062" endtime="20191109 18:31:29.113"></status>
</kw>
<kw name="Wait Until Keyword Succeeds" library="BuiltIn">
<doc>Runs the specified keyword and retries if it fails.</doc>
<arguments>
<arg>2x</arg>
<arg>5s</arg>
<arg>Set Focus To Element</arg>
<arg>${ELEMENT}</arg>
</arguments>
<kw name="Set Focus To Element" library="Selenium2Library">
<doc>Sets focus to element identified by ``locator``.</doc>
<arguments>
<arg>${ELEMENT}</arg>
</arguments>
<status status="PASS" starttime="20191109 18:31:29.113" endtime="20191109 18:31:29.135"></status>
</kw>
<status status="PASS" starttime="20191109 18:31:29.113" endtime="20191109 18:31:29.139"></status>
</kw>
<kw name="Wait Until Keyword Succeeds" library="BuiltIn">
<doc>Runs the specified keyword and retries if it fails.</doc>
<arguments>
<arg>2x</arg>
<arg>5s</arg>
<arg>Click Element</arg>
<arg>${ELEMENT}</arg>
</arguments>
<kw name="Click Element" library="Selenium2Library">
<doc>Click element identified by ``locator``.</doc>
<arguments>
<arg>${ELEMENT}</arg>
</arguments>
<msg timestamp="20191109 18:31:29.139" level="INFO">Clicking element '//*[@id="ticket-detail"]/div[5]/div[3]/div/button'.</msg>
<status status="PASS" starttime="20191109 18:31:29.139" endtime="20191109 18:31:33.936"></status>
</kw>
<status status="PASS" starttime="20191109 18:31:29.139" endtime="20191109 18:31:33.936"></status>
</kw>
<kw name="Sleep" library="BuiltIn">
<doc>Pauses the test executed for the given time.</doc>
<arguments>
<arg>2s</arg>
</arguments>
<msg timestamp="20191109 18:31:35.939" level="INFO">Slept 2 seconds</msg>
<status status="PASS" starttime="20191109 18:31:33.936" endtime="20191109 18:31:35.939"></status>
</kw>
<status status="PASS" starttime="20191109 18:31:28.958" endtime="20191109 18:31:35.939"></status>
</kw>
<kw name="Then I should see text É necessário que pelo menos um adulto acompanhe cada criança na viagem." library="keywords">
<kw name="Wait Until Keyword Succeeds" library="BuiltIn">
<doc>Runs the specified keyword and retries if it fails.</doc>
<arguments>
<arg>2x</arg>
<arg>5s</arg>
<arg>Page should contain</arg>
<arg>${text}</arg>
</arguments>
<kw name="Page Should Contain" library="Selenium2Library">
<doc>Verifies that current page contains ``text``.</doc>
<arguments>
<arg>${text}</arg>
</arguments>
<msg timestamp="20191109 18:31:35.997" level="INFO">Current page contains text 'É necessário que pelo menos um adulto acompanhe cada criança na viagem.'.</msg>
<status status="PASS" starttime="20191109 18:31:35.942" endtime="20191109 18:31:35.998"></status>
</kw>
<status status="PASS" starttime="20191109 18:31:35.941" endtime="20191109 18:31:35.998"></status>
</kw>
<status status="PASS" starttime="20191109 18:31:35.941" endtime="20191109 18:31:35.998"></status>
</kw>
<kw name="And I take sceenshot" library="keywords">
<kw name="Capture Page Screenshot" library="Selenium2Library">
<doc>Takes screenshot of the current page and embeds it into log file.</doc>
<msg timestamp="20191109 18:31:37.259" level="INFO" html="yes">&lt;/td&gt;&lt;/tr&gt;&lt;tr&gt;&lt;td colspan="3"&gt;&lt;a href="selenium-screenshot-16.png"&gt;&lt;img src="selenium-screenshot-16.png" width="800px"&gt;&lt;/a&gt;</msg>
<status status="PASS" starttime="20191109 18:31:36.001" endtime="20191109 18:31:37.259"></status>
</kw>
<status status="PASS" starttime="20191109 18:31:36.000" endtime="20191109 18:31:37.259"></status>
</kw>
<kw name="Close All Browsers" library="Selenium2Library" type="teardown">
<doc>Closes all open browsers and resets the browser cache.</doc>
<status status="PASS" starttime="20191109 18:31:37.261" endtime="20191109 18:31:39.592"></status>
</kw>
<tags>
<tag>scenario14</tag>
</tags>
<status status="PASS" starttime="20191109 18:30:54.615" endtime="20191109 18:31:39.594" critical="yes"></status>
</test>
<doc>Feature: Validar funcionalidades de busca.</doc>
<status status="PASS" starttime="20191109 18:23:26.016" endtime="20191109 18:31:39.599"></status>
</suite>
<statistics>
<total>
<stat pass="11" fail="0">Critical Tests</stat>
<stat pass="11" fail="0">All Tests</stat>
</total>
<tag>
<stat pass="1" fail="0">scenario1</stat>
<stat pass="1" fail="0">scenario10</stat>
<stat pass="1" fail="0">scenario11</stat>
<stat pass="1" fail="0">scenario12</stat>
<stat pass="1" fail="0">scenario13</stat>
<stat pass="1" fail="0">scenario14</stat>
<stat pass="1" fail="0">scenario2</stat>
<stat pass="1" fail="0">scenario3</stat>
<stat pass="1" fail="0">scenario7</stat>
<stat pass="1" fail="0">scenario8</stat>
<stat pass="1" fail="0">scenario9</stat>
</tag>
<suite>
<stat pass="11" fail="0" id="s1" name="Azul">Azul</stat>
</suite>
</statistics>
<errors>
</errors>
</robot>
